1525968951.83 *==* BufferMan T0
0.00 *==* BufferMan start running
60.13 evt 742:  rate: 10.1Hz   life: 93.61%
120.17 evt 1462:  rate: 14.3Hz   life: 90.79%
180.27 evt 2195:  rate: 13Hz   life: 91.82%
240.28 evt 2963:  rate: 15.9Hz   life: 89.48%
300.29 evt 3701:  rate: 8.73Hz   life: 94.28%
360.33 evt 4482:  rate: 18.4Hz   life: 87.75%
420.50 evt 5276:  rate: 9.59Hz   life: 93.76%
480.60 evt 6050:  rate: 13.1Hz   life: 91.63%
540.67 evt 6782:  rate: 6.72Hz   life: 95.27%
600.75 evt 7522:  rate: 9.93Hz   life: 93.23%
660.84 evt 8296:  rate: 16.4Hz   life: 89.00%
720.88 evt 9031:  rate: 18.7Hz   life: 87.32%
780.92 evt 9829:  rate: 12.8Hz   life: 91.19%
841.00 evt 10593:  rate: 13.8Hz   life: 90.79%
901.03 evt 11348:  rate: 12.9Hz   life: 90.80%
961.07 evt 12111:  rate: 11.5Hz   life: 92.47%
1021.09 evt 12894:  rate: 6.59Hz   life: 95.62%
1081.09 evt 13665:  rate: 26.1Hz   life: 82.56%
1141.11 evt 14374:  rate: 12Hz   life: 91.44%
1201.30 evt 15156:  rate: 9.78Hz   life: 92.76%
1261.33 evt 15925:  rate: 21.3Hz   life: 84.95%
1321.48 evt 16718:  rate: 10.8Hz   life: 92.67%
1381.54 evt 17487:  rate: 15.2Hz   life: 89.73%
1441.58 evt 18228:  rate: 10.9Hz   life: 92.86%
1501.63 evt 19014:  rate: 16.7Hz   life: 89.07%
1561.68 evt 19803:  rate: 18.6Hz   life: 87.32%
1621.78 evt 20560:  rate: 7.43Hz   life: 95.02%
1681.88 evt 21345:  rate: 14.3Hz   life: 90.13%
1741.98 evt 22116:  rate: 11.6Hz   life: 92.73%
1801.99 evt 22898:  rate: 19.1Hz   life: 87.94%
1862.00 evt 23677:  rate: 10.6Hz   life: 92.47%
1922.06 evt 24414:  rate: 11.8Hz   life: 91.84%
1982.22 evt 25221:  rate: 15.9Hz   life: 89.32%
2042.32 evt 25978:  rate: 10.4Hz   life: 93.00%
2102.34 evt 26740:  rate: 11.5Hz   life: 92.12%
2162.34 evt 27483:  rate: 9.21Hz   life: 93.68%
2222.45 evt 28303:  rate: 12.3Hz   life: 91.84%
2282.49 evt 29043:  rate: 11.3Hz   life: 92.07%
2342.57 evt 29820:  rate: 20.4Hz   life: 85.44%
2402.59 evt 30562:  rate: 14.8Hz   life: 89.89%
2462.66 evt 31372:  rate: 15.6Hz   life: 90.06%
2522.69 evt 32179:  rate: 10.9Hz   life: 92.42%
2582.76 evt 32957:  rate: 27.5Hz   life: 81.64%
2642.81 evt 33715:  rate: 10Hz   life: 93.25%
2702.95 evt 34457:  rate: 19Hz   life: 87.57%
2763.01 evt 35295:  rate: 17.5Hz   life: 87.72%
2823.01 evt 36058:  rate: 14.1Hz   life: 90.20%
2883.03 evt 36814:  rate: 16.9Hz   life: 89.12%
2943.05 evt 37630:  rate: 9.66Hz   life: 93.54%
3003.22 evt 38403:  rate: 14.8Hz   life: 89.76%
3063.32 evt 39182:  rate: 16.8Hz   life: 89.20%
3123.49 evt 39984:  rate: 22.9Hz   life: 85.21%
3183.53 evt 40778:  rate: 14.3Hz   life: 90.48%
3243.61 evt 41536:  rate: 12.5Hz   life: 91.47%
3303.69 evt 42313:  rate: 11.4Hz   life: 92.69%
3363.69 evt 43084:  rate: 11.1Hz   life: 92.74%
3423.74 evt 43849:  rate: 14.1Hz   life: 90.49%
3483.74 evt 44600:  rate: 13Hz   life: 91.26%
3543.76 evt 45365:  rate: 9.1Hz   life: 94.03%
3603.79 evt 46200:  rate: 11.8Hz   life: 92.35%
3663.80 evt 46948:  rate: 9.92Hz   life: 93.34%
3723.91 evt 47707:  rate: 11.1Hz   life: 92.19%
3783.95 evt 48483:  rate: 6.85Hz   life: 95.20%
3843.96 evt 49224:  rate: 16.6Hz   life: 89.03%
3903.99 evt 49983:  rate: 16.4Hz   life: 89.74%
3964.04 evt 50750:  rate: 12Hz   life: 93.16%
4024.05 evt 51513:  rate: 13.9Hz   life: 90.91%
4084.13 evt 52301:  rate: 18.2Hz   life: 89.01%
4144.14 evt 53075:  rate: 13.6Hz   life: 91.31%
4204.18 evt 53853:  rate: 13.5Hz   life: 91.10%
4264.38 evt 54594:  rate: 11.5Hz   life: 93.13%
4324.47 evt 55396:  rate: 14.9Hz   life: 90.88%
4384.51 evt 56227:  rate: 9.76Hz   life: 93.52%
4444.58 evt 56998:  rate: 7.18Hz   life: 94.94%
4504.59 evt 57757:  rate: 11.2Hz   life: 92.56%
4564.66 evt 58506:  rate: 17.5Hz   life: 89.08%
4624.71 evt 59277:  rate: 8.87Hz   life: 94.28%
4684.76 evt 60081:  rate: 20.5Hz   life: 87.50%
4744.77 evt 60871:  rate: 11.6Hz   life: 94.27%
4804.79 evt 61643:  rate: 14.5Hz   life: 90.81%
4864.91 evt 62397:  rate: 11.8Hz   life: 92.11%
4924.94 evt 63125:  rate: 25.7Hz   life: 84.25%
4985.06 evt 63862:  rate: 9.03Hz   life: 94.10%
5045.14 evt 64649:  rate: 13Hz   life: 91.50%
5105.24 evt 65386:  rate: 16Hz   life: 88.98%
5165.27 evt 66185:  rate: 12.8Hz   life: 91.77%
5225.34 evt 66966:  rate: 14.6Hz   life: 90.53%
5285.36 evt 67724:  rate: 10.9Hz   life: 92.75%
5345.38 evt 68456:  rate: 14.2Hz   life: 90.80%
5405.45 evt 69212:  rate: 11.9Hz   life: 92.63%
5465.57 evt 69997:  rate: 18.2Hz   life: 88.02%
5525.61 evt 70772:  rate: 32.3Hz   life: 77.47%
5585.69 evt 71565:  rate: 17.6Hz   life: 87.59%
5645.73 evt 72394:  rate: 30.2Hz   life: 78.65%
5705.76 evt 73155:  rate: 9.7Hz   life: 93.72%
5765.87 evt 73939:  rate: 19.8Hz   life: 86.69%
5825.95 evt 74718:  rate: 11.6Hz   life: 92.50%
5885.99 evt 75451:  rate: 9.6Hz   life: 93.03%
5946.05 evt 76223:  rate: 12.3Hz   life: 91.14%
6006.10 evt 76978:  rate: 10.5Hz   life: 92.84%
6066.13 evt 77735:  rate: 7.91Hz   life: 94.51%
6126.18 evt 78527:  rate: 15.7Hz   life: 89.41%
6186.20 evt 79308:  rate: 12.2Hz   life: 91.81%
6246.20 evt 80041:  rate: 17.9Hz   life: 88.53%
6306.28 evt 80840:  rate: 10Hz   life: 92.84%
6366.33 evt 81580:  rate: 9.96Hz   life: 93.67%
6426.52 evt 82325:  rate: 17.9Hz   life: 88.05%
6486.53 evt 83085:  rate: 19.1Hz   life: 87.14%
6546.54 evt 83844:  rate: 15.5Hz   life: 89.55%
6606.59 evt 84592:  rate: 7.79Hz   life: 94.85%
6666.71 evt 85337:  rate: 14.9Hz   life: 89.58%
6726.75 evt 86086:  rate: 14.7Hz   life: 90.37%
6786.80 evt 86908:  rate: 11.3Hz   life: 92.10%
6846.85 evt 87637:  rate: 10.2Hz   life: 92.74%
6907.09 evt 88385:  rate: 12.4Hz   life: 92.14%
6967.17 evt 89141:  rate: 15.2Hz   life: 88.92%
7027.29 evt 89872:  rate: 29.4Hz   life: 80.18%
7087.43 evt 90628:  rate: 21.4Hz   life: 85.57%
7147.45 evt 91454:  rate: 9.23Hz   life: 93.62%
7207.47 evt 92219:  rate: 12.4Hz   life: 91.61%
7267.50 evt 92978:  rate: 10.8Hz   life: 93.03%
7327.72 evt 93719:  rate: 6.55Hz   life: 95.22%
7387.76 evt 94487:  rate: 13.3Hz   life: 91.19%
7447.85 evt 95233:  rate: 8.72Hz   life: 93.99%
7507.94 evt 96057:  rate: 19Hz   life: 87.26%
7568.00 evt 96727:  rate: 11.7Hz   life: 91.50%
7628.44 evt 97481:  rate: 7.05Hz   life: 95.19%
7688.68 evt 98201:  rate: 14.5Hz   life: 91.41%
7748.71 evt 98945:  rate: 14.2Hz   life: 90.89%
7808.77 evt 99704:  rate: 10.1Hz   life: 93.49%
7868.78 evt 100479:  rate: 9.62Hz   life: 93.89%
7928.79 evt 101243:  rate: 19.2Hz   life: 87.72%
7988.85 evt 102005:  rate: 22.3Hz   life: 85.39%
8048.87 evt 102708:  rate: 13.5Hz   life: 90.54%
8108.94 evt 103476:  rate: 12.3Hz   life: 92.31%
8169.05 evt 104241:  rate: 11.3Hz   life: 92.42%
8229.06 evt 105052:  rate: 12.8Hz   life: 91.45%
8289.06 evt 105791:  rate: 8.16Hz   life: 94.58%
8349.17 evt 106531:  rate: 10.3Hz   life: 93.10%
8409.21 evt 107244:  rate: 15.2Hz   life: 89.46%
8469.26 evt 107965:  rate: 12.2Hz   life: 91.95%
8529.28 evt 108748:  rate: 8.82Hz   life: 94.33%
8589.35 evt 109508:  rate: 12.6Hz   life: 91.43%
8649.43 evt 110269:  rate: 13.4Hz   life: 91.03%
8709.47 evt 111049:  rate: 12.6Hz   life: 91.69%
8769.61 evt 111784:  rate: 9.38Hz   life: 94.21%
8829.62 evt 112542:  rate: 10.1Hz   life: 93.01%
8889.69 evt 113320:  rate: 10.1Hz   life: 93.58%
8949.75 evt 114046:  rate: 18.1Hz   life: 88.26%
9009.87 evt 114813:  rate: 14.3Hz   life: 89.75%
9069.88 evt 115555:  rate: 13.6Hz   life: 91.52%
9129.97 evt 116310:  rate: 10.2Hz   life: 93.13%
9189.98 evt 117068:  rate: 10.2Hz   life: 92.78%
9250.03 evt 117793:  rate: 13Hz   life: 91.26%
9310.05 evt 118523:  rate: 9.35Hz   life: 93.64%
9370.07 evt 119279:  rate: 10Hz   life: 93.75%
9430.18 evt 120070:  rate: 12Hz   life: 92.45%
9490.20 evt 120831:  rate: 12Hz   life: 92.08%
9550.25 evt 121542:  rate: 11.1Hz   life: 92.52%
9610.32 evt 122272:  rate: 12.6Hz   life: 92.33%
9670.34 evt 123007:  rate: 13.2Hz   life: 91.10%
9730.40 evt 123720:  rate: 10.1Hz   life: 94.01%
9790.40 evt 124436:  rate: 12.9Hz   life: 92.12%
9850.75 evt 125228:  rate: 21.3Hz   life: 86.92%
9910.77 evt 125996:  rate: 15.1Hz   life: 90.85%
9970.78 evt 126725:  rate: 8.14Hz   life: 94.78%
10030.80 evt 127485:  rate: 11.8Hz   life: 91.82%
10090.86 evt 128266:  rate: 10.5Hz   life: 93.00%
10150.93 evt 129018:  rate: 11.6Hz   life: 92.15%
10210.95 evt 129745:  rate: 8.54Hz   life: 94.72%
10271.00 evt 130476:  rate: 26.2Hz   life: 83.48%
10331.30 evt 131219:  rate: 8.13Hz   life: 94.71%
10391.36 evt 131959:  rate: 8.79Hz   life: 94.19%
10451.38 evt 132694:  rate: 15.7Hz   life: 88.86%
10511.63 evt 133444:  rate: 17.5Hz   life: 88.64%
10571.72 evt 134194:  rate: 13.2Hz   life: 90.84%
10631.85 evt 134923:  rate: 11.4Hz   life: 93.07%
10691.87 evt 135667:  rate: 21Hz   life: 85.09%
10752.00 evt 136428:  rate: 10.5Hz   life: 93.07%
10812.03 evt 137203:  rate: 13.5Hz   life: 91.10%
10872.14 evt 137941:  rate: 15.8Hz   life: 88.99%
10932.28 evt 138626:  rate: 5.74Hz   life: 96.10%
10992.28 evt 139377:  rate: 20.6Hz   life: 86.11%
11052.29 evt 140108:  rate: 13Hz   life: 91.08%
11112.50 evt 140837:  rate: 17.1Hz   life: 89.66%
11172.66 evt 141606:  rate: 17.8Hz   life: 88.04%
11232.77 evt 142429:  rate: 13.3Hz   life: 90.97%
11292.80 evt 143149:  rate: 8.44Hz   life: 94.27%
11352.88 evt 143888:  rate: 9.21Hz   life: 93.96%
11412.89 evt 144639:  rate: 14.3Hz   life: 89.38%
11472.98 evt 145389:  rate: 16.4Hz   life: 88.35%
11533.00 evt 146144:  rate: 14.8Hz   life: 89.84%
11593.09 evt 146911:  rate: 15.6Hz   life: 89.55%
11653.15 evt 147643:  rate: 11.2Hz   life: 92.18%
11713.18 evt 148373:  rate: 33Hz   life: 77.71%
11773.22 evt 149101:  rate: 21.3Hz   life: 85.45%
11833.22 evt 149812:  rate: 9Hz   life: 94.35%
11893.25 evt 150493:  rate: 17.2Hz   life: 88.49%
11953.39 evt 151241:  rate: 11.9Hz   life: 91.62%
12013.41 evt 151987:  rate: 22.4Hz   life: 84.90%
12073.63 evt 152717:  rate: 7.08Hz   life: 95.30%
12133.66 evt 153461:  rate: 11Hz   life: 92.80%
12193.70 evt 154191:  rate: 13.5Hz   life: 91.13%
12253.76 evt 154923:  rate: 9.89Hz   life: 93.42%
12313.82 evt 155670:  rate: 11.2Hz   life: 92.12%
12373.82 evt 156401:  rate: 11Hz   life: 92.90%
12433.82 evt 157140:  rate: 17.5Hz   life: 87.91%
12493.85 evt 157880:  rate: 9.2Hz   life: 93.65%
12554.07 evt 158643:  rate: 11.6Hz   life: 92.11%
12614.26 evt 159383:  rate: 10.1Hz   life: 93.42%
12674.45 evt 160123:  rate: 8.02Hz   life: 94.70%
12734.55 evt 160853:  rate: 10.2Hz   life: 92.82%
12794.59 evt 161609:  rate: 11Hz   life: 92.86%
12854.64 evt 162325:  rate: 21.4Hz   life: 86.49%
12914.65 evt 163037:  rate: 13.5Hz   life: 90.80%
12974.66 evt 163782:  rate: 13.7Hz   life: 90.58%
13034.68 evt 164541:  rate: 12.2Hz   life: 91.13%
13094.79 evt 165246:  rate: 14.9Hz   life: 90.00%
13154.94 evt 165965:  rate: 10.8Hz   life: 92.74%
13214.97 evt 166720:  rate: 10.7Hz   life: 93.03%
13275.08 evt 167458:  rate: 8.88Hz   life: 93.85%
13335.09 evt 168186:  rate: 15Hz   life: 89.55%
13395.17 evt 168964:  rate: 14.5Hz   life: 90.58%
13455.22 evt 169692:  rate: 17.5Hz   life: 88.72%
13515.25 evt 170415:  rate: 12.3Hz   life: 91.85%
13575.27 evt 171173:  rate: 19.3Hz   life: 87.60%
13635.27 evt 171899:  rate: 7.19Hz   life: 94.96%
13695.30 evt 172623:  rate: 10.3Hz   life: 93.53%
13755.52 evt 173343:  rate: 16.9Hz   life: 89.35%
13815.55 evt 174112:  rate: 12.8Hz   life: 90.98%
13875.58 evt 174830:  rate: 10.3Hz   life: 92.51%
13935.63 evt 175566:  rate: 15.9Hz   life: 90.18%
13995.75 evt 176260:  rate: 8.01Hz   life: 94.21%
14055.75 evt 176996:  rate: 10.4Hz   life: 93.05%
14115.78 evt 177749:  rate: 15.2Hz   life: 89.35%
14175.89 evt 178485:  rate: 8.7Hz   life: 94.13%
14235.90 evt 179236:  rate: 22.2Hz   life: 85.01%
14296.01 evt 179978:  rate: 16.3Hz   life: 88.96%
14356.10 evt 180683:  rate: 11.5Hz   life: 91.96%
14416.20 evt 181400:  rate: 10.9Hz   life: 93.02%
14476.26 evt 182107:  rate: 10.2Hz   life: 93.10%
14536.27 evt 182815:  rate: 11.7Hz   life: 92.54%
14596.33 evt 183567:  rate: 11.3Hz   life: 91.86%
14656.35 evt 184362:  rate: 14.6Hz   life: 89.96%
14716.35 evt 185132:  rate: 16Hz   life: 88.94%
14776.36 evt 185853:  rate: 9.77Hz   life: 93.33%
14836.46 evt 186618:  rate: 16.7Hz   life: 88.77%
14896.47 evt 187313:  rate: 11.5Hz   life: 92.11%
14956.70 evt 188012:  rate: 12.5Hz   life: 91.60%
15016.90 evt 188802:  rate: 9.79Hz   life: 93.50%
15076.98 evt 189542:  rate: 24.9Hz   life: 83.99%
15137.00 evt 190298:  rate: 8.02Hz   life: 94.73%
15197.01 evt 190956:  rate: 5.97Hz   life: 96.13%
15257.02 evt 191685:  rate: 10.2Hz   life: 92.80%
15317.05 evt 192395:  rate: 10.2Hz   life: 93.32%
15377.06 evt 193109:  rate: 15Hz   life: 88.97%
15437.15 evt 193858:  rate: 11.6Hz   life: 92.54%
15497.24 evt 194634:  rate: 11.1Hz   life: 92.96%
15557.26 evt 195362:  rate: 9.62Hz   life: 93.19%
15617.49 evt 196086:  rate: 16.9Hz   life: 88.08%
15677.51 evt 196778:  rate: 7.35Hz   life: 94.97%
15737.61 evt 197520:  rate: 6.62Hz   life: 95.50%
15797.81 evt 198262:  rate: 14.2Hz   life: 92.13%
15857.84 evt 198975:  rate: 10.4Hz   life: 93.74%
15917.85 evt 199694:  rate: 18Hz   life: 87.75%
15977.94 evt 200454:  rate: 10.7Hz   life: 93.63%
16038.01 evt 201171:  rate: 8.2Hz   life: 93.97%
16098.03 evt 201927:  rate: 20Hz   life: 87.20%
16158.07 evt 202653:  rate: 13.6Hz   life: 91.28%
16218.11 evt 203374:  rate: 12.2Hz   life: 91.59%
16278.35 evt 204083:  rate: 16.9Hz   life: 88.81%
16338.41 evt 204799:  rate: 13.5Hz   life: 91.09%
16398.55 evt 205497:  rate: 8.7Hz   life: 94.69%
16458.70 evt 206242:  rate: 14.2Hz   life: 90.15%
16518.73 evt 206968:  rate: 12.7Hz   life: 91.86%
16578.75 evt 207691:  rate: 10.5Hz   life: 92.88%
16638.82 evt 208436:  rate: 8.53Hz   life: 94.22%
16698.85 evt 209198:  rate: 12.2Hz   life: 91.77%
16758.95 evt 209917:  rate: 10.4Hz   life: 92.91%
16819.08 evt 210710:  rate: 14.7Hz   life: 90.95%
16879.12 evt 211413:  rate: 11.4Hz   life: 92.65%
16939.19 evt 212131:  rate: 15.3Hz   life: 89.70%
16999.32 evt 212819:  rate: 13.4Hz   life: 90.85%
17059.34 evt 213558:  rate: 13.8Hz   life: 91.15%
17119.41 evt 214259:  rate: 15.5Hz   life: 89.26%
17179.42 evt 214981:  rate: 12.2Hz   life: 92.81%
17239.47 evt 215751:  rate: 21.8Hz   life: 85.13%
17299.49 evt 216505:  rate: 11.7Hz   life: 91.84%
17359.50 evt 217237:  rate: 10.4Hz   life: 92.49%
17419.54 evt 217983:  rate: 17.1Hz   life: 88.78%
17479.78 evt 218679:  rate: 14.4Hz   life: 91.13%
17539.79 evt 219418:  rate: 14.1Hz   life: 92.30%
17599.91 evt 220169:  rate: 9.66Hz   life: 93.57%
17659.92 evt 220898:  rate: 14Hz   life: 90.44%
17720.00 evt 221610:  rate: 9.82Hz   life: 93.56%
17780.09 evt 222296:  rate: 9.41Hz   life: 93.59%
17840.10 evt 223031:  rate: 9.07Hz   life: 94.07%
17900.11 evt 223756:  rate: 13Hz   life: 90.84%
17960.32 evt 224490:  rate: 8.4Hz   life: 94.34%
18020.34 evt 225186:  rate: 14.7Hz   life: 90.40%
18080.37 evt 225908:  rate: 10.8Hz   life: 92.73%
18140.38 evt 226645:  rate: 11.3Hz   life: 92.44%
18200.53 evt 227375:  rate: 10.5Hz   life: 93.17%
18260.55 evt 228108:  rate: 17.9Hz   life: 88.77%
18320.55 evt 228832:  rate: 17.1Hz   life: 88.29%
18380.66 evt 229574:  rate: 7.31Hz   life: 94.85%
18440.73 evt 230281:  rate: 8.97Hz   life: 93.97%
18501.06 evt 230998:  rate: 11.5Hz   life: 92.22%
18561.19 evt 231717:  rate: 10.9Hz   life: 92.56%
18621.27 evt 232475:  rate: 7.81Hz   life: 95.39%
18681.49 evt 233177:  rate: 9.58Hz   life: 93.49%
18741.55 evt 233929:  rate: 9.91Hz   life: 93.42%
18801.57 evt 234662:  rate: 20Hz   life: 86.23%
18861.60 evt 235344:  rate: 12.2Hz   life: 92.26%
18921.61 evt 236091:  rate: 8.04Hz   life: 94.31%
18981.61 evt 236870:  rate: 12.5Hz   life: 91.47%
19041.65 evt 237576:  rate: 14.1Hz   life: 90.35%
19101.71 evt 238267:  rate: 12.5Hz   life: 92.23%
19161.82 evt 238963:  rate: 12.8Hz   life: 91.32%
19221.89 evt 239710:  rate: 14.8Hz   life: 89.29%
19281.89 evt 240444:  rate: 17.1Hz   life: 88.47%
19341.96 evt 241201:  rate: 8.46Hz   life: 94.39%
19401.98 evt 241929:  rate: 10.2Hz   life: 93.02%
19462.00 evt 242640:  rate: 16.4Hz   life: 88.95%
19522.10 evt 243378:  rate: 8.38Hz   life: 94.26%
19582.15 evt 244086:  rate: 9.33Hz   life: 93.21%
19642.16 evt 244789:  rate: 12.2Hz   life: 91.41%
19702.25 evt 245473:  rate: 24.9Hz   life: 82.78%
19762.28 evt 246175:  rate: 14.4Hz   life: 90.23%
19822.39 evt 246922:  rate: 12.9Hz   life: 91.52%
19882.43 evt 247621:  rate: 10.2Hz   life: 93.07%
19942.48 evt 248349:  rate: 18Hz   life: 88.34%
20002.48 evt 249043:  rate: 12Hz   life: 92.79%
20062.52 evt 249767:  rate: 12.4Hz   life: 91.42%
20122.57 evt 250491:  rate: 8.22Hz   life: 94.54%
20182.63 evt 251245:  rate: 12.4Hz   life: 91.41%
20242.68 evt 251960:  rate: 10.2Hz   life: 93.51%
20302.70 evt 252688:  rate: 9.68Hz   life: 93.60%
20362.74 evt 253408:  rate: 8.54Hz   life: 94.52%
20423.03 evt 254091:  rate: 9.63Hz   life: 93.46%
20483.08 evt 254849:  rate: 15.7Hz   life: 89.76%
20543.13 evt 255546:  rate: 11.2Hz   life: 92.54%
20603.23 evt 256275:  rate: 9.21Hz   life: 93.96%
20663.29 evt 257008:  rate: 10.3Hz   life: 92.97%
20723.31 evt 257767:  rate: 12.7Hz   life: 91.23%
20783.31 evt 258503:  rate: 15.8Hz   life: 89.22%
20843.36 evt 259212:  rate: 9.25Hz   life: 93.81%
20903.40 evt 259923:  rate: 19.4Hz   life: 87.19%
20963.43 evt 260629:  rate: 20Hz   life: 86.42%
21023.46 evt 261407:  rate: 9.83Hz   life: 93.58%
21083.54 evt 262124:  rate: 13.1Hz   life: 91.25%
21143.66 evt 262827:  rate: 10.2Hz   life: 93.00%
21203.76 evt 263529:  rate: 6.84Hz   life: 95.62%
21263.82 evt 264252:  rate: 9.11Hz   life: 93.90%
21323.87 evt 264993:  rate: 15.1Hz   life: 90.08%
21383.89 evt 265714:  rate: 11.6Hz   life: 91.95%
21443.94 evt 266485:  rate: 11.8Hz   life: 91.86%
21503.95 evt 267188:  rate: 9.46Hz   life: 93.62%
21564.00 evt 267932:  rate: 8.65Hz   life: 93.90%
21624.08 evt 268681:  rate: 16.2Hz   life: 88.97%
21684.11 evt 269418:  rate: 14.5Hz   life: 89.47%
21744.14 evt 270152:  rate: 20Hz   life: 86.90%
21804.37 evt 270922:  rate: 8.54Hz   life: 93.94%
21864.39 evt 271662:  rate: 22.3Hz   life: 87.01%
21924.42 evt 272355:  rate: 14.2Hz   life: 91.01%
21984.46 evt 273098:  rate: 14.1Hz   life: 90.18%
22044.55 evt 273786:  rate: 11.3Hz   life: 92.24%
22104.58 evt 274495:  rate: 12.1Hz   life: 91.82%
22164.62 evt 275246:  rate: 15.3Hz   life: 89.89%
22224.75 evt 275965:  rate: 5.8Hz   life: 96.18%
22284.75 evt 276677:  rate: 8.69Hz   life: 94.13%
22344.79 evt 277430:  rate: 13.6Hz   life: 90.28%
22404.89 evt 278185:  rate: 9.28Hz   life: 93.54%
22464.90 evt 278893:  rate: 19Hz   life: 87.69%
22524.94 evt 279598:  rate: 25Hz   life: 83.15%
22584.96 evt 280346:  rate: 17Hz   life: 88.67%
22645.07 evt 281024:  rate: 17.2Hz   life: 88.52%
22705.22 evt 281728:  rate: 23.3Hz   life: 84.10%
22765.23 evt 282468:  rate: 13.9Hz   life: 91.10%
22825.35 evt 283230:  rate: 12.1Hz   life: 91.51%
22885.38 evt 283919:  rate: 6.97Hz   life: 95.11%
22945.41 evt 284649:  rate: 11.5Hz   life: 92.31%
23005.42 evt 285389:  rate: 10.4Hz   life: 92.72%
23065.45 evt 286146:  rate: 14Hz   life: 90.61%
23125.56 evt 286906:  rate: 14.6Hz   life: 90.07%
23185.66 evt 287617:  rate: 14.4Hz   life: 90.55%
23245.71 evt 288367:  rate: 17.3Hz   life: 88.34%
23305.84 evt 289106:  rate: 20.5Hz   life: 86.47%
23365.92 evt 289807:  rate: 11.1Hz   life: 92.52%
23425.96 evt 290499:  rate: 11.3Hz   life: 92.41%
23486.00 evt 291221:  rate: 11.6Hz   life: 92.25%
23546.01 evt 291933:  rate: 16.5Hz   life: 89.08%
23606.03 evt 292627:  rate: 8.74Hz   life: 94.22%
23666.08 evt 293380:  rate: 14.3Hz   life: 90.58%
23726.11 evt 294102:  rate: 11Hz   life: 92.79%
23786.22 evt 294814:  rate: 9.9Hz   life: 93.81%
23846.22 evt 295498:  rate: 8.72Hz   life: 94.23%
23906.24 evt 296237:  rate: 22.9Hz   life: 84.45%
23966.41 evt 296947:  rate: 13.5Hz   life: 91.43%
24026.45 evt 297660:  rate: 16Hz   life: 88.72%
24086.58 evt 298387:  rate: 13.7Hz   life: 91.53%
24146.63 evt 299107:  rate: 15.4Hz   life: 90.22%
24206.68 evt 299798:  rate: 8.39Hz   life: 94.25%
24266.72 evt 300501:  rate: 13.2Hz   life: 90.83%
24326.77 evt 301230:  rate: 8.74Hz   life: 94.14%
24386.94 evt 301930:  rate: 15.7Hz   life: 89.43%
24446.96 evt 302672:  rate: 18.7Hz   life: 86.94%
24507.01 evt 303448:  rate: 14.6Hz   life: 90.78%
24567.05 evt 304136:  rate: 14.5Hz   life: 90.74%
24627.07 evt 304861:  rate: 6.81Hz   life: 95.35%
24687.51 evt 305529:  rate: 12.9Hz   life: 91.97%
24747.54 evt 306243:  rate: 7.67Hz   life: 94.55%
24807.56 evt 306966:  rate: 9.42Hz   life: 93.45%
24867.59 evt 307690:  rate: 14.9Hz   life: 90.00%
24927.75 evt 308438:  rate: 19Hz   life: 86.80%
24987.84 evt 309179:  rate: 10.9Hz   life: 92.35%
25048.10 evt 309907:  rate: 12.6Hz   life: 91.60%
25108.14 evt 310597:  rate: 12.2Hz   life: 92.19%
25168.20 evt 311340:  rate: 12.3Hz   life: 92.49%
25228.30 evt 312040:  rate: 14.6Hz   life: 90.10%
25288.33 evt 312766:  rate: 6.65Hz   life: 95.49%
25348.40 evt 313486:  rate: 13.4Hz   life: 91.70%
25408.45 evt 314166:  rate: 13.2Hz   life: 92.22%
25468.50 evt 314893:  rate: 13.2Hz   life: 91.18%
25528.66 evt 315628:  rate: 11.8Hz   life: 92.22%
25588.71 evt 316422:  rate: 10.7Hz   life: 92.63%
25648.71 evt 317102:  rate: 6.11Hz   life: 95.63%
25708.71 evt 317816:  rate: 12Hz   life: 92.02%
25768.77 evt 318525:  rate: 17.1Hz   life: 88.07%
25828.81 evt 319286:  rate: 21.6Hz   life: 85.84%
25888.86 evt 320075:  rate: 18.6Hz   life: 88.50%
25948.99 evt 320771:  rate: 7.74Hz   life: 94.95%
26009.07 evt 321484:  rate: 16.3Hz   life: 88.85%
26069.09 evt 322226:  rate: 8.36Hz   life: 94.64%
26129.14 evt 322906:  rate: 13.4Hz   life: 90.49%
26189.15 evt 323572:  rate: 11.1Hz   life: 92.01%
26249.16 evt 324309:  rate: 18.2Hz   life: 88.77%
26309.19 evt 325043:  rate: 25.9Hz   life: 81.92%
26369.20 evt 325725:  rate: 13.4Hz   life: 91.26%
26429.20 evt 326436:  rate: 11.2Hz   life: 92.63%
26489.23 evt 327187:  rate: 12.1Hz   life: 92.20%
26549.27 evt 327915:  rate: 13.6Hz   life: 90.99%
26609.30 evt 328675:  rate: 20.3Hz   life: 86.86%
26669.31 evt 329394:  rate: 17.7Hz   life: 87.63%
26729.44 evt 330124:  rate: 10.9Hz   life: 92.39%
26789.45 evt 330779:  rate: 9.39Hz   life: 93.39%
26849.49 evt 331477:  rate: 11.7Hz   life: 92.33%
26909.57 evt 332113:  rate: 11.1Hz   life: 91.80%
26969.94 evt 332839:  rate: 8.69Hz   life: 94.42%
27030.14 evt 333513:  rate: 9.23Hz   life: 93.81%
27090.21 evt 334228:  rate: 14.4Hz   life: 90.00%
27150.27 evt 334937:  rate: 6.24Hz   life: 95.72%
27210.46 evt 335654:  rate: 5.66Hz   life: 96.12%
27270.52 evt 336369:  rate: 17.7Hz   life: 88.35%
27330.69 evt 337137:  rate: 19.3Hz   life: 87.52%
27390.82 evt 337880:  rate: 16.4Hz   life: 89.23%
27450.94 evt 338610:  rate: 10.8Hz   life: 92.91%
27510.96 evt 339351:  rate: 10.1Hz   life: 93.14%
27570.99 evt 340060:  rate: 16.4Hz   life: 88.69%
27631.02 evt 340815:  rate: 6.95Hz   life: 95.13%
27691.02 evt 341493:  rate: 13.7Hz   life: 90.72%
27751.18 evt 342219:  rate: 14.6Hz   life: 90.44%
27811.26 evt 342958:  rate: 14.4Hz   life: 90.86%
27871.43 evt 343685:  rate: 16.3Hz   life: 88.89%
27931.44 evt 344391:  rate: 12.5Hz   life: 91.23%
27991.48 evt 345113:  rate: 9.72Hz   life: 93.69%
28051.54 evt 345817:  rate: 14.7Hz   life: 91.21%
28111.58 evt 346506:  rate: 10.7Hz   life: 93.27%
28171.63 evt 347238:  rate: 9.38Hz   life: 93.93%
28231.72 evt 347976:  rate: 14.5Hz   life: 89.49%
28291.91 evt 348704:  rate: 14.8Hz   life: 90.20%
28351.99 evt 349420:  rate: 8.4Hz   life: 94.46%
28411.99 evt 350150:  rate: 10.7Hz   life: 92.68%
28472.05 evt 350889:  rate: 13.1Hz   life: 91.07%
28532.07 evt 351592:  rate: 21.3Hz   life: 86.11%
28592.13 evt 352311:  rate: 12.2Hz   life: 91.63%
28652.15 evt 353049:  rate: 12.3Hz   life: 91.30%
28712.17 evt 353783:  rate: 9.75Hz   life: 93.38%
28772.27 evt 354495:  rate: 11.7Hz   life: 91.81%
28832.47 evt 355240:  rate: 10.8Hz   life: 92.43%
28892.52 evt 355992:  rate: 7.92Hz   life: 94.93%
28952.73 evt 356674:  rate: 10.5Hz   life: 92.79%
29012.84 evt 357384:  rate: 13.4Hz   life: 91.07%
29072.86 evt 358098:  rate: 18.7Hz   life: 87.92%
29132.96 evt 358824:  rate: 10.3Hz   life: 93.57%
29193.05 evt 359564:  rate: 10.8Hz   life: 92.75%
29253.07 evt 360322:  rate: 13.8Hz   life: 91.36%
29313.09 evt 361027:  rate: 10.7Hz   life: 92.98%
29373.12 evt 361734:  rate: 12.7Hz   life: 91.67%
29433.14 evt 362428:  rate: 14.2Hz   life: 90.37%
29493.23 evt 363159:  rate: 10.5Hz   life: 92.88%
29553.48 evt 363883:  rate: 10.3Hz   life: 92.92%
29613.73 evt 364611:  rate: 17.2Hz   life: 89.15%
29673.79 evt 365356:  rate: 15.5Hz   life: 89.72%
29733.83 evt 366096:  rate: 11.1Hz   life: 92.71%
29793.86 evt 366880:  rate: 16Hz   life: 89.34%
29853.91 evt 367620:  rate: 12.5Hz   life: 91.60%
29913.96 evt 368346:  rate: 13.6Hz   life: 91.02%
29973.97 evt 369117:  rate: 11.1Hz   life: 93.51%
30034.01 evt 369803:  rate: 16.9Hz   life: 90.36%
30094.02 evt 370536:  rate: 7.93Hz   life: 94.33%
30154.30 evt 371244:  rate: 12.8Hz   life: 91.57%
30214.35 evt 371965:  rate: 11.6Hz   life: 92.05%
30274.38 evt 372725:  rate: 11.6Hz   life: 92.07%
30334.50 evt 373491:  rate: 9.3Hz   life: 93.90%
30394.64 evt 374218:  rate: 13.5Hz   life: 91.12%
30454.65 evt 374925:  rate: 6.99Hz   life: 95.21%
30514.66 evt 375647:  rate: 12Hz   life: 91.31%
30574.99 evt 376377:  rate: 10.9Hz   life: 92.33%
30635.07 evt 377116:  rate: 10.8Hz   life: 92.77%
30695.10 evt 377839:  rate: 22.9Hz   life: 85.61%
30755.12 evt 378548:  rate: 8.77Hz   life: 94.35%
30815.26 evt 379266:  rate: 17Hz   life: 88.77%
30875.58 evt 379993:  rate: 12.5Hz   life: 91.59%
30935.60 evt 380756:  rate: 24.6Hz   life: 83.82%
30995.61 evt 381451:  rate: 15.4Hz   life: 89.25%
31055.67 evt 382171:  rate: 18.5Hz   life: 87.54%
31115.91 evt 382887:  rate: 15.9Hz   life: 88.77%
31176.04 evt 383609:  rate: 8.05Hz   life: 94.57%
31236.08 evt 384361:  rate: 13.7Hz   life: 90.70%
31296.18 evt 385053:  rate: 9.02Hz   life: 94.06%
31356.23 evt 385790:  rate: 10.7Hz   life: 92.83%
31416.29 evt 386510:  rate: 14.2Hz   life: 90.05%
31476.36 evt 387236:  rate: 12.7Hz   life: 91.78%
31536.36 evt 387937:  rate: 15.9Hz   life: 89.48%
31596.50 evt 388670:  rate: 10Hz   life: 93.23%
31656.86 evt 389361:  rate: 8.1Hz   life: 94.76%
31716.88 evt 390076:  rate: 10.3Hz   life: 93.71%
31776.99 evt 390799:  rate: 12.8Hz   life: 91.55%
31837.02 evt 391507:  rate: 7.85Hz   life: 94.61%
31897.10 evt 392177:  rate: 19.7Hz   life: 88.03%
31957.10 evt 392899:  rate: 10.6Hz   life: 93.33%
32017.19 evt 393611:  rate: 12.5Hz   life: 91.11%
32077.32 evt 394293:  rate: 9.51Hz   life: 93.58%
32137.55 evt 394981:  rate: 7.96Hz   life: 94.28%
32197.77 evt 395719:  rate: 12.2Hz   life: 91.53%
32257.90 evt 396467:  rate: 9.44Hz   life: 93.55%
32318.15 evt 397212:  rate: 30.9Hz   life: 77.87%
32378.34 evt 397956:  rate: 14.2Hz   life: 90.32%
32438.38 evt 398702:  rate: 11.4Hz   life: 92.44%
32498.49 evt 399419:  rate: 12.1Hz   life: 92.15%
32558.50 evt 400156:  rate: 10Hz   life: 93.10%
32618.61 evt 400890:  rate: 8.25Hz   life: 94.32%
32678.66 evt 401588:  rate: 12.3Hz   life: 91.92%
32738.70 evt 402315:  rate: 9.28Hz   life: 93.76%
32798.75 evt 403090:  rate: 10.5Hz   life: 92.81%
32858.76 evt 403828:  rate: 10.9Hz   life: 92.74%
32918.81 evt 404602:  rate: 17.2Hz   life: 87.66%
32978.96 evt 405333:  rate: 11.5Hz   life: 91.93%
33039.17 evt 406086:  rate: 10.5Hz   life: 93.43%
33099.23 evt 406819:  rate: 17.4Hz   life: 88.88%
33159.27 evt 407550:  rate: 18.3Hz   life: 89.21%
33219.30 evt 408228:  rate: 18.1Hz   life: 88.07%
33279.45 evt 408978:  rate: 10.1Hz   life: 92.81%
33339.60 evt 409680:  rate: 10.1Hz   life: 93.11%
33399.76 evt 410395:  rate: 9.52Hz   life: 93.68%
33459.87 evt 411085:  rate: 8.27Hz   life: 94.42%
33519.88 evt 411842:  rate: 8.67Hz   life: 94.18%
33579.98 evt 412584:  rate: 15.5Hz   life: 88.97%
33640.04 evt 413370:  rate: 12.8Hz   life: 91.99%
33700.19 evt 414044:  rate: 11.3Hz   life: 91.90%
33760.19 evt 414792:  rate: 11.4Hz   life: 92.40%
33820.20 evt 415524:  rate: 16.5Hz   life: 89.77%
33880.22 evt 416233:  rate: 10.5Hz   life: 93.19%
33940.42 evt 416954:  rate: 8.8Hz   life: 94.28%
34000.48 evt 417669:  rate: 17Hz   life: 87.78%
34060.51 evt 418372:  rate: 9.98Hz   life: 93.29%
34120.59 evt 419115:  rate: 12.3Hz   life: 91.68%
34180.63 evt 419813:  rate: 10.2Hz   life: 93.02%
34240.69 evt 420515:  rate: 10.6Hz   life: 92.61%
34300.71 evt 421255:  rate: 19.4Hz   life: 87.17%
34360.77 evt 421992:  rate: 17.8Hz   life: 87.91%
34420.78 evt 422724:  rate: 13.2Hz   life: 90.90%
34480.85 evt 423410:  rate: 10.4Hz   life: 92.85%
34540.98 evt 424175:  rate: 11.3Hz   life: 92.16%
34601.29 evt 424923:  rate: 14.3Hz   life: 90.21%
34661.38 evt 425656:  rate: 11.3Hz   life: 91.85%
34721.39 evt 426380:  rate: 15.5Hz   life: 91.07%
34781.49 evt 427064:  rate: 7.16Hz   life: 94.98%
34841.50 evt 427787:  rate: 20.3Hz   life: 85.97%
34901.55 evt 428509:  rate: 12.4Hz   life: 91.58%
34961.65 evt 429247:  rate: 17Hz   life: 89.38%
35021.66 evt 429979:  rate: 12.5Hz   life: 91.29%
35081.71 evt 430691:  rate: 15Hz   life: 89.68%
35141.72 evt 431411:  rate: 22.8Hz   life: 86.11%
35201.77 evt 432167:  rate: 10.2Hz   life: 92.59%
35261.81 evt 432924:  rate: 11.7Hz   life: 92.45%
35322.01 evt 433712:  rate: 9.36Hz   life: 93.67%
35382.29 evt 434447:  rate: 16.1Hz   life: 89.82%
35442.31 evt 435234:  rate: 15.2Hz   life: 89.65%
35502.31 evt 435963:  rate: 12Hz   life: 91.91%
35562.45 evt 436740:  rate: 11.4Hz   life: 92.48%
35622.48 evt 437459:  rate: 17.9Hz   life: 88.21%
35682.48 evt 438184:  rate: 7.99Hz   life: 94.22%
35742.49 evt 438881:  rate: 11.6Hz   life: 91.96%
35802.56 evt 439668:  rate: 24Hz   life: 84.74%
35862.68 evt 440383:  rate: 10.1Hz   life: 92.80%
35922.70 evt 441055:  rate: 8.48Hz   life: 93.87%
35982.75 evt 441830:  rate: 9.2Hz   life: 93.61%
36042.93 evt 442515:  rate: 15.9Hz   life: 89.94%
36102.98 evt 443240:  rate: 10.3Hz   life: 92.72%
36163.03 evt 444014:  rate: 19.8Hz   life: 87.63%
36223.04 evt 444762:  rate: 8.18Hz   life: 94.46%
36283.14 evt 445491:  rate: 10.5Hz   life: 92.48%
36343.16 evt 446209:  rate: 11.7Hz   life: 91.68%
36403.20 evt 446928:  rate: 10.3Hz   life: 92.97%
36463.39 evt 447711:  rate: 12.3Hz   life: 92.46%
36523.41 evt 448441:  rate: 15.6Hz   life: 89.91%
36583.47 evt 449204:  rate: 14Hz   life: 90.76%
36643.64 evt 449873:  rate: 15.1Hz   life: 89.95%
36703.84 evt 450627:  rate: 17.3Hz   life: 89.02%
36763.87 evt 451381:  rate: 18.1Hz   life: 88.90%
36823.88 evt 452150:  rate: 9.71Hz   life: 93.29%
36883.97 evt 452873:  rate: 12.4Hz   life: 90.72%
36943.98 evt 453592:  rate: 10.2Hz   life: 92.93%
37004.03 evt 454352:  rate: 15Hz   life: 90.19%
37064.07 evt 455065:  rate: 7.78Hz   life: 94.66%
37124.12 evt 455775:  rate: 11.6Hz   life: 92.22%
37184.21 evt 456496:  rate: 10.4Hz   life: 93.14%
37244.27 evt 457239:  rate: 11.8Hz   life: 91.70%
37304.59 evt 457939:  rate: 15.2Hz   life: 90.07%
37364.60 evt 458666:  rate: 10.5Hz   life: 92.53%
37424.70 evt 459374:  rate: 15.6Hz   life: 89.26%
37484.83 evt 460144:  rate: 10.2Hz   life: 93.07%
37544.86 evt 460881:  rate: 15.5Hz   life: 89.42%
37604.87 evt 461602:  rate: 9.9Hz   life: 93.27%
37664.91 evt 462300:  rate: 11.6Hz   life: 91.98%
37724.93 evt 463000:  rate: 14.2Hz   life: 90.58%
37785.04 evt 463716:  rate: 17Hz   life: 88.08%
37845.04 evt 464424:  rate: 8.31Hz   life: 94.30%
37905.13 evt 465137:  rate: 12Hz   life: 91.68%
37965.41 evt 465868:  rate: 14.4Hz   life: 90.31%
38025.50 evt 466620:  rate: 10.8Hz   life: 92.82%
38085.57 evt 467330:  rate: 16Hz   life: 90.49%
38145.66 evt 468033:  rate: 10.5Hz   life: 93.26%
38206.04 evt 468777:  rate: 14.6Hz   life: 90.25%
38266.10 evt 469494:  rate: 13.1Hz   life: 91.22%
38326.11 evt 470197:  rate: 10.5Hz   life: 92.98%
38386.66 evt 470895:  rate: 11.4Hz   life: 92.84%
38446.67 evt 471606:  rate: 18Hz   life: 87.65%
38506.67 evt 472322:  rate: 12Hz   life: 91.79%
38566.78 evt 473044:  rate: 10.9Hz   life: 92.63%
38626.81 evt 473726:  rate: 12.7Hz   life: 91.01%
38686.81 evt 474451:  rate: 14Hz   life: 90.58%
38746.83 evt 475179:  rate: 11Hz   life: 92.77%
38806.84 evt 475939:  rate: 15Hz   life: 90.64%
38866.99 evt 476670:  rate: 9.29Hz   life: 93.43%
38927.08 evt 477365:  rate: 13.2Hz   life: 90.81%
38987.37 evt 478070:  rate: 12Hz   life: 92.69%
39047.41 evt 478821:  rate: 15.7Hz   life: 89.89%
39107.43 evt 479561:  rate: 17.2Hz   life: 88.57%
39167.65 evt 480307:  rate: 9.51Hz   life: 93.77%
39227.66 evt 480960:  rate: 11.3Hz   life: 92.24%
39287.90 evt 481695:  rate: 14.3Hz   life: 90.16%
39347.99 evt 482450:  rate: 9.71Hz   life: 93.66%
39408.14 evt 483187:  rate: 8.92Hz   life: 94.09%
39468.15 evt 483953:  rate: 24.3Hz   life: 84.76%
39528.18 evt 484683:  rate: 20.1Hz   life: 86.80%
39588.24 evt 485438:  rate: 11.8Hz   life: 92.26%
39648.25 evt 486172:  rate: 15.4Hz   life: 89.03%
39708.47 evt 486866:  rate: 19.4Hz   life: 86.88%
39768.82 evt 487590:  rate: 6.88Hz   life: 95.52%
39828.89 evt 488299:  rate: 8.33Hz   life: 94.18%
39888.93 evt 489040:  rate: 10.3Hz   life: 93.12%
39948.93 evt 489756:  rate: 23.1Hz   life: 84.96%
40009.00 evt 490478:  rate: 16.4Hz   life: 88.53%
40069.02 evt 491224:  rate: 9.86Hz   life: 93.47%
40129.09 evt 491987:  rate: 9.66Hz   life: 93.08%
40189.10 evt 492691:  rate: 19Hz   life: 88.78%
40249.13 evt 493402:  rate: 17.7Hz   life: 88.50%
40309.13 evt 494150:  rate: 9.28Hz   life: 93.95%
40369.16 evt 494883:  rate: 9.82Hz   life: 94.26%
40429.18 evt 495660:  rate: 9.97Hz   life: 92.94%
40489.42 evt 496397:  rate: 12.6Hz   life: 91.60%
40549.44 evt 497141:  rate: 17Hz   life: 87.91%
40609.53 evt 497895:  rate: 10.4Hz   life: 92.55%
40669.69 evt 498667:  rate: 11.4Hz   life: 92.35%
40729.76 evt 499369:  rate: 19.6Hz   life: 87.03%
40789.77 evt 500076:  rate: 7.37Hz   life: 94.77%
40849.79 evt 500821:  rate: 17.7Hz   life: 88.60%
40909.81 evt 501557:  rate: 12Hz   life: 91.74%
40969.81 evt 502290:  rate: 29.3Hz   life: 80.69%
41029.98 evt 503028:  rate: 17Hz   life: 88.02%
41090.00 evt 503733:  rate: 14.1Hz   life: 91.09%
41150.06 evt 504469:  rate: 10.1Hz   life: 93.22%
41210.33 evt 505192:  rate: 7.49Hz   life: 94.91%
41270.37 evt 505908:  rate: 10.5Hz   life: 92.94%
41330.86 evt 506624:  rate: 13Hz   life: 91.45%
41390.92 evt 507365:  rate: 12.1Hz   life: 92.09%
41451.11 evt 508096:  rate: 9.35Hz   life: 93.75%
41511.15 evt 508812:  rate: 10.7Hz   life: 92.94%
41571.21 evt 509613:  rate: 11.5Hz   life: 92.09%
41631.26 evt 510300:  rate: 25.2Hz   life: 82.68%
41691.27 evt 511010:  rate: 16.4Hz   life: 89.78%
41751.30 evt 511718:  rate: 9.53Hz   life: 93.87%
41811.36 evt 512462:  rate: 14.3Hz   life: 90.60%
41871.37 evt 513169:  rate: 16.6Hz   life: 88.85%
41931.42 evt 513841:  rate: 10.2Hz   life: 93.35%
41991.47 evt 514557:  rate: 17.5Hz   life: 88.32%
42051.53 evt 515294:  rate: 13.5Hz   life: 91.02%
42111.55 evt 516014:  rate: 13.1Hz   life: 91.68%
42171.61 evt 516734:  rate: 15.3Hz   life: 89.36%
42231.65 evt 517498:  rate: 12.9Hz   life: 91.23%
42291.76 evt 518228:  rate: 12.7Hz   life: 91.64%
42351.95 evt 518937:  rate: 11.4Hz   life: 92.19%
42412.01 evt 519658:  rate: 13.3Hz   life: 91.47%
42472.07 evt 520378:  rate: 27.1Hz   life: 82.55%
42532.10 evt 521140:  rate: 14.1Hz   life: 90.08%
42592.11 evt 521886:  rate: 9.38Hz   life: 93.82%
42652.23 evt 522592:  rate: 11.2Hz   life: 92.61%
42712.48 evt 523329:  rate: 13.9Hz   life: 90.59%
42772.50 evt 524055:  rate: 18.4Hz   life: 87.53%
42832.63 evt 524771:  rate: 11.1Hz   life: 92.58%
42892.78 evt 525514:  rate: 11.8Hz   life: 92.19%
42952.85 evt 526262:  rate: 18.4Hz   life: 88.01%
43012.88 evt 526966:  rate: 21.7Hz   life: 86.39%
43072.93 evt 527718:  rate: 15.1Hz   life: 90.24%
43132.98 evt 528436:  rate: 10.9Hz   life: 92.45%
43193.07 evt 529154:  rate: 15.6Hz   life: 90.01%
43253.19 evt 529903:  rate: 12.6Hz   life: 91.57%
43313.28 evt 530574:  rate: 7.72Hz   life: 94.50%
43373.31 evt 531272:  rate: 24.2Hz   life: 84.28%
43433.47 evt 531988:  rate: 19.9Hz   life: 86.67%
43493.55 evt 532713:  rate: 12Hz   life: 92.13%
43553.63 evt 533457:  rate: 12.4Hz   life: 91.40%
43613.65 evt 534216:  rate: 18.7Hz   life: 87.92%
43673.66 evt 534952:  rate: 14.1Hz   life: 90.89%
43733.68 evt 535659:  rate: 9.6Hz   life: 93.29%
43793.85 evt 536409:  rate: 7.66Hz   life: 94.96%
43853.96 evt 537118:  rate: 15.9Hz   life: 89.27%
43914.03 evt 537819:  rate: 9.38Hz   life: 93.39%
43974.30 evt 538569:  rate: 8.47Hz   life: 94.38%
44034.46 evt 539290:  rate: 5.43Hz   life: 96.45%
44094.48 evt 540083:  rate: 20.9Hz   life: 85.66%
44154.56 evt 540790:  rate: 13.9Hz   life: 91.05%
44214.60 evt 541514:  rate: 14.8Hz   life: 89.87%
44274.62 evt 542214:  rate: 13.9Hz   life: 90.58%
44334.67 evt 542974:  rate: 16.7Hz   life: 88.55%
44394.69 evt 543697:  rate: 9.62Hz   life: 93.31%
44454.75 evt 544412:  rate: 9.51Hz   life: 93.72%
44514.76 evt 545122:  rate: 18.3Hz   life: 86.83%
44574.87 evt 545839:  rate: 11.9Hz   life: 91.96%
44634.91 evt 546586:  rate: 11.4Hz   life: 92.28%
44695.12 evt 547321:  rate: 14.5Hz   life: 89.92%
44755.26 evt 548046:  rate: 11.8Hz   life: 92.17%
44815.29 evt 548780:  rate: 11.7Hz   life: 92.06%
44875.32 evt 549488:  rate: 13.9Hz   life: 90.66%
44935.34 evt 550231:  rate: 11.3Hz   life: 92.19%
44995.35 evt 550938:  rate: 8.5Hz   life: 93.95%
45055.41 evt 551673:  rate: 15Hz   life: 90.06%
45115.46 evt 552378:  rate: 7.73Hz   life: 94.57%
45175.46 evt 553077:  rate: 8.94Hz   life: 93.92%
45235.47 evt 553806:  rate: 16.2Hz   life: 88.70%
45295.51 evt 554557:  rate: 15.7Hz   life: 89.21%
45355.51 evt 555283:  rate: 12.6Hz   life: 91.73%
45415.53 evt 556019:  rate: 13.9Hz   life: 90.47%
45475.57 evt 556743:  rate: 10.8Hz   life: 92.91%
45535.69 evt 557470:  rate: 13.7Hz   life: 90.87%
45595.72 evt 558178:  rate: 11Hz   life: 92.72%
45655.73 evt 558897:  rate: 10.5Hz   life: 92.81%
45715.93 evt 559622:  rate: 10.7Hz   life: 92.58%
45775.97 evt 560351:  rate: 12.9Hz   life: 91.33%
45836.12 evt 561087:  rate: 12Hz   life: 91.91%
45896.29 evt 561848:  rate: 19.3Hz   life: 87.01%
45956.29 evt 562571:  rate: 29.4Hz   life: 81.01%
46016.40 evt 563282:  rate: 12.3Hz   life: 91.84%
46076.53 evt 564043:  rate: 30.2Hz   life: 80.97%
46136.63 evt 564785:  rate: 16.5Hz   life: 88.56%
46196.66 evt 565513:  rate: 14.1Hz   life: 89.93%
46256.71 evt 566236:  rate: 10.5Hz   life: 92.37%
46317.12 evt 567037:  rate: 12.8Hz   life: 91.26%
46377.18 evt 567742:  rate: 25.3Hz   life: 83.15%
46437.20 evt 568468:  rate: 8.83Hz   life: 94.20%
46497.38 evt 569213:  rate: 14.2Hz   life: 90.84%
46557.52 evt 569930:  rate: 10.7Hz   life: 92.63%
46617.58 evt 570678:  rate: 14.3Hz   life: 90.47%
46677.85 evt 571405:  rate: 10.5Hz   life: 92.71%
46737.96 evt 572128:  rate: 17.4Hz   life: 88.96%
46797.99 evt 572876:  rate: 8.02Hz   life: 94.40%
46858.18 evt 573600:  rate: 8.06Hz   life: 94.47%
46918.19 evt 574327:  rate: 8.6Hz   life: 94.20%
46978.21 evt 575062:  rate: 8.78Hz   life: 94.14%
47038.26 evt 575846:  rate: 11.2Hz   life: 92.29%
47098.47 evt 576549:  rate: 11.3Hz   life: 92.10%
47158.54 evt 577317:  rate: 10.1Hz   life: 92.83%
47218.68 evt 578050:  rate: 9.44Hz   life: 93.77%
47278.69 evt 578733:  rate: 13.5Hz   life: 91.18%
47338.69 evt 579425:  rate: 13.3Hz   life: 90.84%
47398.83 evt 580134:  rate: 19.7Hz   life: 87.91%
47458.89 evt 580814:  rate: 16.4Hz   life: 89.14%
47519.04 evt 581508:  rate: 8.82Hz   life: 94.40%
47579.11 evt 582263:  rate: 12.8Hz   life: 91.24%
47639.16 evt 583001:  rate: 8.14Hz   life: 94.54%
47699.19 evt 583737:  rate: 12.1Hz   life: 92.11%
47759.20 evt 584451:  rate: 14.2Hz   life: 90.26%
47819.26 evt 585192:  rate: 16.1Hz   life: 89.15%
47879.44 evt 585899:  rate: 9.47Hz   life: 93.39%
47939.45 evt 586581:  rate: 10Hz   life: 93.56%
47999.46 evt 587299:  rate: 11.7Hz   life: 92.53%
48059.50 evt 588031:  rate: 18.3Hz   life: 88.12%
48119.77 evt 588726:  rate: 7.51Hz   life: 95.05%
48179.81 evt 589453:  rate: 17.7Hz   life: 87.92%
48239.82 evt 590122:  rate: 17.8Hz   life: 88.20%
48299.89 evt 590846:  rate: 9.64Hz   life: 92.98%
48359.92 evt 591601:  rate: 17.9Hz   life: 87.87%
48420.14 evt 592318:  rate: 11.2Hz   life: 92.12%
48480.43 evt 593055:  rate: 17.4Hz   life: 87.60%
48540.44 evt 593772:  rate: 16.4Hz   life: 89.45%
48600.45 evt 594494:  rate: 18Hz   life: 87.97%
48660.46 evt 595203:  rate: 22.2Hz   life: 84.78%
48720.46 evt 595915:  rate: 7.27Hz   life: 94.95%
48780.56 evt 596637:  rate: 12.8Hz   life: 91.67%
48840.60 evt 597378:  rate: 14.2Hz   life: 90.32%
48900.68 evt 598122:  rate: 12.6Hz   life: 91.90%
48960.76 evt 598868:  rate: 13.4Hz   life: 91.20%
49020.76 evt 599551:  rate: 11.1Hz   life: 93.10%
49080.85 evt 600327:  rate: 7.69Hz   life: 94.57%
49140.88 evt 601061:  rate: 8.28Hz   life: 94.37%
49200.92 evt 601769:  rate: 10.7Hz   life: 92.59%
49261.04 evt 602466:  rate: 17.8Hz   life: 87.80%
49321.10 evt 603179:  rate: 9.02Hz   life: 93.95%
49381.20 evt 603917:  rate: 11.8Hz   life: 91.69%
49441.22 evt 604596:  rate: 18.4Hz   life: 87.19%
49501.22 evt 605335:  rate: 8.15Hz   life: 94.05%
49561.29 evt 606082:  rate: 10.4Hz   life: 93.23%
49621.51 evt 606775:  rate: 14.5Hz   life: 90.48%
49681.55 evt 607479:  rate: 13.3Hz   life: 90.85%
49741.55 evt 608218:  rate: 13.8Hz   life: 90.85%
49801.62 evt 608954:  rate: 12.5Hz   life: 91.10%
49861.68 evt 609662:  rate: 8.27Hz   life: 94.47%
49921.88 evt 610381:  rate: 17.4Hz   life: 88.61%
49981.93 evt 611103:  rate: 15.3Hz   life: 90.15%
50042.00 evt 611793:  rate: 13.8Hz   life: 91.71%
50102.00 evt 612502:  rate: 11.7Hz   life: 91.93%
50162.11 evt 613245:  rate: 12Hz   life: 91.85%
50222.22 evt 613911:  rate: 9.28Hz   life: 94.29%
50282.28 evt 614591:  rate: 6.14Hz   life: 95.79%
50342.36 evt 615326:  rate: 11.6Hz   life: 92.50%
50402.39 evt 616022:  rate: 14.7Hz   life: 90.16%
50462.52 evt 616748:  rate: 10.1Hz   life: 93.99%
50522.55 evt 617472:  rate: 14.5Hz   life: 89.87%
50582.90 evt 618183:  rate: 20.9Hz   life: 86.32%
50642.90 evt 618913:  rate: 13.7Hz   life: 90.72%
50702.92 evt 619619:  rate: 14.7Hz   life: 90.15%
50763.21 evt 620339:  rate: 15.8Hz   life: 88.76%
50823.25 evt 621043:  rate: 8.5Hz   life: 94.04%
50883.32 evt 621747:  rate: 9.68Hz   life: 93.53%
50943.42 evt 622442:  rate: 9.92Hz   life: 93.67%
51003.44 evt 623192:  rate: 14.8Hz   life: 90.09%
51063.47 evt 623873:  rate: 9.48Hz   life: 93.38%
51123.53 evt 624568:  rate: 8.78Hz   life: 93.96%
51183.54 evt 625286:  rate: 16.5Hz   life: 88.86%
51243.55 evt 625998:  rate: 28.8Hz   life: 80.27%
51303.75 evt 626697:  rate: 10.4Hz   life: 92.77%
51363.78 evt 627440:  rate: 7.64Hz   life: 94.79%
51423.84 evt 628144:  rate: 17.9Hz   life: 88.40%
51483.88 evt 628853:  rate: 18.5Hz   life: 89.04%
51544.32 evt 629582:  rate: 21.6Hz   life: 86.66%
51604.33 evt 630287:  rate: 15.7Hz   life: 89.70%
51664.42 evt 631038:  rate: 8.84Hz   life: 93.61%
51724.45 evt 631758:  rate: 9.85Hz   life: 93.20%
51784.51 evt 632475:  rate: 17.8Hz   life: 87.93%
51844.57 evt 633158:  rate: 7.74Hz   life: 94.85%
51904.57 evt 633871:  rate: 11.5Hz   life: 92.09%
51964.68 evt 634551:  rate: 14.8Hz   life: 88.94%
52024.75 evt 635217:  rate: 10.9Hz   life: 92.74%
52084.99 evt 635898:  rate: 9.34Hz   life: 93.95%
52145.09 evt 636588:  rate: 5.73Hz   life: 96.06%
52205.16 evt 637252:  rate: 9.75Hz   life: 93.36%
52265.22 evt 637960:  rate: 15.8Hz   life: 89.13%
52325.31 evt 638664:  rate: 12.3Hz   life: 91.80%
52385.37 evt 639384:  rate: 15.5Hz   life: 89.24%
52445.44 evt 640050:  rate: 15.1Hz   life: 89.68%
52505.63 evt 640745:  rate: 9.76Hz   life: 93.33%
52565.68 evt 641443:  rate: 11.2Hz   life: 92.27%
52625.70 evt 642117:  rate: 11Hz   life: 92.40%
52685.71 evt 642783:  rate: 12.6Hz   life: 91.97%
52745.82 evt 643521:  rate: 14.8Hz   life: 90.85%
52805.89 evt 644215:  rate: 7.3Hz   life: 94.89%
52865.93 evt 644860:  rate: 8.6Hz   life: 94.35%
52926.01 evt 645579:  rate: 19.2Hz   life: 87.20%
52986.03 evt 646267:  rate: 14.9Hz   life: 91.36%
53046.24 evt 646968:  rate: 12.5Hz   life: 91.52%
53106.30 evt 647693:  rate: 11.4Hz   life: 92.35%
53166.54 evt 648378:  rate: 17Hz   life: 88.77%
53226.73 evt 649020:  rate: 11.1Hz   life: 92.57%
53286.78 evt 649659:  rate: 8.27Hz   life: 94.58%
53346.86 evt 650288:  rate: 9.24Hz   life: 93.44%
53407.04 evt 651003:  rate: 13.6Hz   life: 92.32%
53467.04 evt 651728:  rate: 12.2Hz   life: 91.69%
53527.12 evt 652368:  rate: 8.32Hz   life: 93.94%
53587.31 evt 653036:  rate: 10.4Hz   life: 92.75%
53647.38 evt 653710:  rate: 11.8Hz   life: 91.70%
53707.39 evt 654377:  rate: 16.4Hz   life: 88.82%
53767.45 evt 655044:  rate: 12Hz   life: 91.66%
53827.51 evt 655734:  rate: 13.6Hz   life: 90.66%
53887.69 evt 656380:  rate: 9.63Hz   life: 93.58%
53947.88 evt 657063:  rate: 9.53Hz   life: 93.49%
54007.92 evt 657743:  rate: 8.6Hz   life: 93.96%
54068.02 evt 658449:  rate: 17.4Hz   life: 88.15%
54128.08 evt 659112:  rate: 7.5Hz   life: 94.92%
54188.23 evt 659805:  rate: 10.7Hz   life: 92.49%
54248.26 evt 660493:  rate: 11.2Hz   life: 92.26%
54308.28 evt 661203:  rate: 17.6Hz   life: 90.05%
54368.54 evt 661876:  rate: 7.84Hz   life: 94.64%
54428.56 evt 662550:  rate: 10.8Hz   life: 93.19%
54488.57 evt 663219:  rate: 7.41Hz   life: 94.95%
54548.73 evt 663896:  rate: 17.3Hz   life: 88.11%
54609.10 evt 664575:  rate: 8.35Hz   life: 94.59%
54669.13 evt 665229:  rate: 9.04Hz   life: 93.61%
54729.17 evt 665911:  rate: 10.7Hz   life: 92.58%
54789.20 evt 666604:  rate: 9.11Hz   life: 94.07%
54849.42 evt 667279:  rate: 16.8Hz   life: 88.60%
54909.56 evt 667948:  rate: 11.8Hz   life: 91.76%
54969.63 evt 668648:  rate: 10.9Hz   life: 93.15%
55029.67 evt 669305:  rate: 9.06Hz   life: 93.59%
55089.71 evt 669997:  rate: 10.2Hz   life: 92.88%
55149.74 evt 670721:  rate: 12.7Hz   life: 91.46%
55209.78 evt 671409:  rate: 12Hz   life: 92.26%
55269.86 evt 672106:  rate: 15.2Hz   life: 90.02%
55329.94 evt 672773:  rate: 11.5Hz   life: 92.50%
55389.98 evt 673458:  rate: 15.4Hz   life: 89.82%
55450.04 evt 674132:  rate: 10.7Hz   life: 92.89%
55510.28 evt 674808:  rate: 11.4Hz   life: 92.02%
55570.33 evt 675478:  rate: 11.2Hz   life: 92.13%
55630.46 evt 676171:  rate: 10.5Hz   life: 92.54%
55690.74 evt 676827:  rate: 9.87Hz   life: 92.95%
55750.91 evt 677517:  rate: 12Hz   life: 91.97%
55810.99 evt 678189:  rate: 10.1Hz   life: 93.37%
55871.14 evt 678863:  rate: 10.3Hz   life: 93.02%
55931.20 evt 679583:  rate: 13.1Hz   life: 91.79%
55991.32 evt 680232:  rate: 14.9Hz   life: 90.23%
56051.47 evt 680928:  rate: 17.6Hz   life: 87.64%
56111.51 evt 681580:  rate: 7.91Hz   life: 94.78%
56171.78 evt 682259:  rate: 16.4Hz   life: 88.95%
56231.87 evt 682967:  rate: 5.74Hz   life: 95.89%
56291.87 evt 683622:  rate: 7.34Hz   life: 95.21%
56351.91 evt 684350:  rate: 9.29Hz   life: 93.47%
56411.93 evt 685063:  rate: 12.3Hz   life: 92.38%
56472.21 evt 685755:  rate: 11.8Hz   life: 91.66%
56532.29 evt 686391:  rate: 16.9Hz   life: 88.91%
56592.49 evt 687085:  rate: 10.7Hz   life: 92.36%
56652.60 evt 687755:  rate: 7.78Hz   life: 94.58%
56712.65 evt 688412:  rate: 11.1Hz   life: 92.28%
56772.78 evt 689082:  rate: 10.6Hz   life: 92.93%
56832.79 evt 689798:  rate: 17Hz   life: 88.88%
56892.81 evt 690484:  rate: 9.14Hz   life: 93.38%
56952.85 evt 691163:  rate: 8.31Hz   life: 94.38%
57012.95 evt 691868:  rate: 9.96Hz   life: 93.36%
57073.01 evt 692570:  rate: 15.2Hz   life: 89.94%
57133.23 evt 693276:  rate: 14.1Hz   life: 90.49%
57193.27 evt 693976:  rate: 19.4Hz   life: 87.35%
57253.29 evt 694671:  rate: 11.5Hz   life: 92.59%
57313.36 evt 695376:  rate: 10.9Hz   life: 92.40%
57373.41 evt 696054:  rate: 17.1Hz   life: 88.19%
57433.42 evt 696734:  rate: 11.5Hz   life: 92.36%
57493.46 evt 697393:  rate: 9.09Hz   life: 93.53%
57553.48 evt 698108:  rate: 16Hz   life: 88.80%
57613.51 evt 698776:  rate: 8.72Hz   life: 94.02%
57673.64 evt 699420:  rate: 7.23Hz   life: 94.92%
57733.70 evt 700061:  rate: 11.5Hz   life: 92.39%
57793.94 evt 700764:  rate: 11.2Hz   life: 92.32%
57853.99 evt 701431:  rate: 15Hz   life: 90.13%
57914.12 evt 702127:  rate: 22.5Hz   life: 85.73%
57974.23 evt 702857:  rate: 11Hz   life: 92.30%
58034.24 evt 703570:  rate: 22.6Hz   life: 85.78%
58094.74 evt 704269:  rate: 20Hz   life: 87.43%
58155.02 evt 704972:  rate: 10.3Hz   life: 93.87%
58215.06 evt 705660:  rate: 9.49Hz   life: 93.28%
58275.26 evt 706345:  rate: 6.82Hz   life: 94.97%
58335.45 evt 707053:  rate: 13.5Hz   life: 90.72%
58395.48 evt 707767:  rate: 14.4Hz   life: 90.61%
58455.49 evt 708405:  rate: 6.84Hz   life: 95.26%
58515.66 evt 709085:  rate: 15.2Hz   life: 90.02%
58575.89 evt 709745:  rate: 8.4Hz   life: 94.36%
58636.07 evt 710385:  rate: 21.6Hz   life: 85.60%
58696.07 evt 711065:  rate: 11.8Hz   life: 92.60%
58756.16 evt 711739:  rate: 10.4Hz   life: 92.98%
58816.29 evt 712440:  rate: 10.6Hz   life: 92.86%
58876.66 evt 713129:  rate: 8.11Hz   life: 94.52%
58937.01 evt 713807:  rate: 11.6Hz   life: 92.49%
58997.06 evt 714501:  rate: 9.14Hz   life: 93.80%
59057.07 evt 715152:  rate: 11.7Hz   life: 91.91%
59117.12 evt 715867:  rate: 10.4Hz   life: 92.84%
59177.19 evt 716561:  rate: 9.74Hz   life: 93.50%
59237.26 evt 717218:  rate: 12Hz   life: 92.29%
59297.34 evt 717931:  rate: 12Hz   life: 91.96%
59357.37 evt 718667:  rate: 13.4Hz   life: 91.41%
59417.42 evt 719332:  rate: 7.17Hz   life: 95.20%
59477.43 evt 719994:  rate: 10.5Hz   life: 93.24%
59537.45 evt 720669:  rate: 18.3Hz   life: 86.90%
59597.48 evt 721341:  rate: 20.2Hz   life: 87.19%
59657.60 evt 722031:  rate: 10.3Hz   life: 92.98%
59717.81 evt 722696:  rate: 17.2Hz   life: 88.53%
59777.93 evt 723381:  rate: 12.6Hz   life: 91.69%
59838.16 evt 724104:  rate: 13.8Hz   life: 90.82%
59898.22 evt 724813:  rate: 8.25Hz   life: 94.77%
59958.27 evt 725491:  rate: 20.2Hz   life: 86.93%
60018.32 evt 726151:  rate: 13.3Hz   life: 91.05%
60078.50 evt 726791:  rate: 13.3Hz   life: 91.31%
60138.73 evt 727493:  rate: 14.1Hz   life: 90.35%
60198.83 evt 728186:  rate: 11.7Hz   life: 91.97%
60258.85 evt 728829:  rate: 9.6Hz   life: 93.46%
60318.95 evt 729494:  rate: 9.81Hz   life: 93.44%
60379.00 evt 730201:  rate: 10.5Hz   life: 93.20%
60439.03 evt 730916:  rate: 13.8Hz   life: 90.64%
60499.16 evt 731610:  rate: 11Hz   life: 92.64%
60559.21 evt 732345:  rate: 14Hz   life: 89.98%
60619.29 evt 733009:  rate: 9.73Hz   life: 93.09%
60679.57 evt 733663:  rate: 9.32Hz   life: 93.72%
60739.61 evt 734374:  rate: 12.2Hz   life: 92.01%
60799.65 evt 735070:  rate: 10.2Hz   life: 93.51%
60859.66 evt 735756:  rate: 10Hz   life: 93.52%
60919.72 evt 736432:  rate: 6.92Hz   life: 95.33%
60979.82 evt 737102:  rate: 9.82Hz   life: 93.10%
61039.92 evt 737804:  rate: 13.9Hz   life: 90.69%
61099.93 evt 738487:  rate: 13.9Hz   life: 90.97%
61159.93 evt 739166:  rate: 14.8Hz   life: 91.13%
61219.95 evt 739876:  rate: 10.3Hz   life: 92.87%
61280.00 evt 740594:  rate: 9.59Hz   life: 93.62%
61340.06 evt 741283:  rate: 12.2Hz   life: 91.89%
61400.06 evt 741946:  rate: 14.9Hz   life: 89.90%
61460.08 evt 742634:  rate: 14.8Hz   life: 90.00%
61520.22 evt 743288:  rate: 10.3Hz   life: 93.53%
61580.23 evt 743931:  rate: 9.74Hz   life: 93.99%
61640.28 evt 744638:  rate: 9.91Hz   life: 93.20%
61700.31 evt 745342:  rate: 7.15Hz   life: 95.00%
61760.49 evt 746018:  rate: 10.8Hz   life: 93.09%
61820.53 evt 746678:  rate: 15.6Hz   life: 89.58%
61880.55 evt 747355:  rate: 14.4Hz   life: 90.33%
61940.55 evt 748040:  rate: 11.4Hz   life: 92.62%
62000.76 evt 748710:  rate: 12.7Hz   life: 91.77%
62060.78 evt 749401:  rate: 16.6Hz   life: 88.58%
62121.00 evt 750107:  rate: 13Hz   life: 91.27%
62181.01 evt 750777:  rate: 9.06Hz   life: 93.97%
62241.01 evt 751487:  rate: 12.7Hz   life: 91.40%
62301.11 evt 752199:  rate: 10.9Hz   life: 92.74%
62361.17 evt 752885:  rate: 12.3Hz   life: 91.80%
62421.19 evt 753563:  rate: 11Hz   life: 92.75%
62481.21 evt 754240:  rate: 7.06Hz   life: 95.09%
62541.40 evt 754950:  rate: 6.18Hz   life: 95.65%
62601.56 evt 755666:  rate: 9.65Hz   life: 93.77%
62661.70 evt 756316:  rate: 6.95Hz   life: 95.31%
62721.74 evt 756998:  rate: 13Hz   life: 90.78%
62781.93 evt 757742:  rate: 10.6Hz   life: 92.61%
62841.98 evt 758416:  rate: 11.6Hz   life: 92.02%
62902.08 evt 759059:  rate: 10.3Hz   life: 92.74%
62962.10 evt 759752:  rate: 14.3Hz   life: 89.96%
63022.15 evt 760479:  rate: 18.1Hz   life: 87.85%
63082.33 evt 761174:  rate: 26.3Hz   life: 82.81%
63142.33 evt 761863:  rate: 15.7Hz   life: 89.98%
63202.44 evt 762561:  rate: 18.4Hz   life: 87.80%
63262.47 evt 763201:  rate: 10.7Hz   life: 92.10%
63322.53 evt 763890:  rate: 7.13Hz   life: 95.28%
63382.57 evt 764596:  rate: 17.6Hz   life: 88.21%
63442.61 evt 765295:  rate: 18.4Hz   life: 87.42%
63502.63 evt 766017:  rate: 10.3Hz   life: 93.10%
63562.69 evt 766694:  rate: 9.75Hz   life: 93.04%
63622.71 evt 767360:  rate: 20.9Hz   life: 85.49%
63682.72 evt 768084:  rate: 17.3Hz   life: 87.95%
63742.81 evt 768791:  rate: 9.22Hz   life: 93.32%
63802.86 evt 769482:  rate: 11.9Hz   life: 91.66%
63862.94 evt 770218:  rate: 13.7Hz   life: 91.11%
63923.01 evt 770906:  rate: 16.8Hz   life: 88.81%
63983.06 evt 771633:  rate: 15.9Hz   life: 89.80%
64043.17 evt 772339:  rate: 12.9Hz   life: 91.41%
64103.20 evt 773002:  rate: 8.12Hz   life: 94.33%
64163.23 evt 773670:  rate: 9.11Hz   life: 93.75%
64223.27 evt 774417:  rate: 7.83Hz   life: 94.57%
64283.36 evt 775096:  rate: 11.4Hz   life: 92.11%
64343.40 evt 775769:  rate: 9.4Hz   life: 93.84%
64403.47 evt 776465:  rate: 6.61Hz   life: 95.45%
64463.50 evt 777113:  rate: 8.86Hz   life: 94.08%
64523.52 evt 777762:  rate: 10.3Hz   life: 93.15%
64583.54 evt 778402:  rate: 13.8Hz   life: 90.16%
64643.94 evt 779055:  rate: 13.4Hz   life: 91.27%
64704.08 evt 779711:  rate: 10.6Hz   life: 93.12%
64764.17 evt 780408:  rate: 11.5Hz   life: 92.35%
64824.17 evt 781070:  rate: 9.59Hz   life: 93.40%
64884.18 evt 781750:  rate: 11.3Hz   life: 92.43%
64944.29 evt 782462:  rate: 10.5Hz   life: 92.91%
65004.34 evt 783149:  rate: 12.8Hz   life: 91.19%
65064.58 evt 783868:  rate: 19.4Hz   life: 86.22%
65124.68 evt 784594:  rate: 25.2Hz   life: 83.44%
65184.80 evt 785216:  rate: 6.51Hz   life: 95.69%
65244.84 evt 785909:  rate: 14.9Hz   life: 90.33%
65304.99 evt 786562:  rate: 11Hz   life: 92.31%
65365.02 evt 787219:  rate: 10.5Hz   life: 92.46%
65425.05 evt 787930:  rate: 13.8Hz   life: 90.60%
65485.13 evt 788615:  rate: 9.82Hz   life: 93.27%
65545.15 evt 789345:  rate: 11.8Hz   life: 91.94%
65605.30 evt 790045:  rate: 12.4Hz   life: 91.06%
65665.34 evt 790705:  rate: 13.4Hz   life: 90.69%
65725.41 evt 791376:  rate: 9.16Hz   life: 93.73%
65785.53 evt 792069:  rate: 16.2Hz   life: 88.98%
65845.66 evt 792791:  rate: 15.7Hz   life: 89.02%
65905.68 evt 793488:  rate: 9.61Hz   life: 93.55%
65965.93 evt 794178:  rate: 8.81Hz   life: 94.42%
66026.03 evt 794877:  rate: 8.1Hz   life: 94.53%
66086.03 evt 795531:  rate: 11.3Hz   life: 92.30%
66146.05 evt 796217:  rate: 8.06Hz   life: 94.25%
66206.08 evt 796926:  rate: 11.7Hz   life: 91.89%
66266.09 evt 797562:  rate: 10.2Hz   life: 93.07%
66326.23 evt 798260:  rate: 7.07Hz   life: 94.82%
66386.24 evt 798949:  rate: 16.8Hz   life: 87.97%
66446.84 evt 799641:  rate: 13.9Hz   life: 92.92%
66506.86 evt 800362:  rate: 11.7Hz   life: 91.85%
66566.98 evt 801014:  rate: 12.7Hz   life: 91.48%
66627.10 evt 801679:  rate: 9.87Hz   life: 93.48%
66687.18 evt 802389:  rate: 8.44Hz   life: 94.44%
66747.20 evt 803121:  rate: 11.7Hz   life: 91.84%
66807.21 evt 803829:  rate: 11.6Hz   life: 92.68%
66867.38 evt 804520:  rate: 8.41Hz   life: 94.26%
66927.54 evt 805257:  rate: 9.29Hz   life: 93.84%
66987.55 evt 805977:  rate: 7.03Hz   life: 95.00%
67047.77 evt 806672:  rate: 8.14Hz   life: 94.56%
67107.90 evt 807341:  rate: 19.9Hz   life: 86.78%
67167.94 evt 808008:  rate: 14Hz   life: 90.02%
67228.11 evt 808680:  rate: 7.47Hz   life: 94.87%
67288.29 evt 809361:  rate: 17.3Hz   life: 88.31%
67348.36 evt 810042:  rate: 13Hz   life: 91.03%
67408.47 evt 810745:  rate: 10.6Hz   life: 92.77%
67468.52 evt 811430:  rate: 10.7Hz   life: 92.92%
67528.65 evt 812116:  rate: 6.52Hz   life: 95.39%
67588.70 evt 812773:  rate: 25.8Hz   life: 84.14%
67648.73 evt 813450:  rate: 10.4Hz   life: 93.11%
67708.78 evt 814135:  rate: 8.71Hz   life: 94.57%
67769.00 evt 814833:  rate: 11.2Hz   life: 92.66%
67829.14 evt 815467:  rate: 9.77Hz   life: 93.38%
67889.21 evt 816154:  rate: 10Hz   life: 92.89%
67949.36 evt 816860:  rate: 13Hz   life: 91.21%
68009.39 evt 817566:  rate: 11.7Hz   life: 92.22%
68069.59 evt 818258:  rate: 17.2Hz   life: 88.56%
68129.60 evt 818916:  rate: 11.5Hz   life: 91.76%
68189.75 evt 819591:  rate: 20.8Hz   life: 85.91%
68250.02 evt 820344:  rate: 9.37Hz   life: 93.06%
68310.09 evt 821038:  rate: 16.4Hz   life: 89.09%
68370.17 evt 821706:  rate: 11.3Hz   life: 92.35%
68430.25 evt 822369:  rate: 13Hz   life: 91.27%
68490.47 evt 823052:  rate: 8.45Hz   life: 94.34%
68550.49 evt 823725:  rate: 8.44Hz   life: 94.14%
68610.53 evt 824392:  rate: 7.62Hz   life: 94.90%
68670.74 evt 825089:  rate: 17.8Hz   life: 87.70%
68730.77 evt 825772:  rate: 14.8Hz   life: 90.19%
68790.95 evt 826467:  rate: 8.98Hz   life: 93.98%
68851.01 evt 827160:  rate: 13.8Hz   life: 90.37%
68911.13 evt 827878:  rate: 8.03Hz   life: 94.43%
68971.25 evt 828599:  rate: 13.1Hz   life: 91.67%
69031.26 evt 829265:  rate: 12.6Hz   life: 91.58%
69091.33 evt 829968:  rate: 26Hz   life: 83.09%
69151.41 evt 830625:  rate: 11.9Hz   life: 91.42%
69211.45 evt 831291:  rate: 16.7Hz   life: 88.18%
69271.45 evt 831975:  rate: 7.89Hz   life: 94.60%
69331.55 evt 832696:  rate: 11.9Hz   life: 92.49%
69391.73 evt 833380:  rate: 13.9Hz   life: 90.36%
69451.77 evt 834125:  rate: 12.2Hz   life: 91.98%
69511.82 evt 834786:  rate: 6.25Hz   life: 95.54%
69571.83 evt 835477:  rate: 9.79Hz   life: 93.22%
69631.84 evt 836110:  rate: 12.5Hz   life: 91.82%
69691.85 evt 836800:  rate: 5.97Hz   life: 95.76%
69751.85 evt 837493:  rate: 14.7Hz   life: 90.07%
69812.17 evt 838158:  rate: 9.59Hz   life: 93.19%
69872.21 evt 838822:  rate: 10.6Hz   life: 93.19%
69932.30 evt 839492:  rate: 12.4Hz   life: 91.56%
69992.35 evt 840175:  rate: 7.96Hz   life: 94.23%
70052.45 evt 840880:  rate: 11.7Hz   life: 92.31%
70112.51 evt 841583:  rate: 9.14Hz   life: 93.32%
70172.55 evt 842268:  rate: 8.52Hz   life: 94.50%
70232.75 evt 842943:  rate: 10.6Hz   life: 93.22%
70292.89 evt 843610:  rate: 8.42Hz   life: 94.41%
70352.91 evt 844284:  rate: 12Hz   life: 91.26%
70413.08 evt 845013:  rate: 7.99Hz   life: 94.71%
70473.11 evt 845725:  rate: 11.6Hz   life: 92.55%
70533.12 evt 846466:  rate: 11.6Hz   life: 92.28%
70593.26 evt 847172:  rate: 9.74Hz   life: 93.26%
70653.35 evt 847847:  rate: 10.8Hz   life: 93.02%
70713.37 evt 848522:  rate: 11.7Hz   life: 91.90%
70773.38 evt 849238:  rate: 9.36Hz   life: 93.89%
70833.49 evt 849929:  rate: 17.5Hz   life: 88.72%
70893.51 evt 850614:  rate: 10.3Hz   life: 92.90%
70953.55 evt 851332:  rate: 12.5Hz   life: 91.14%
71013.61 evt 852006:  rate: 8.07Hz   life: 94.50%
71073.66 evt 852699:  rate: 10.5Hz   life: 93.34%
71133.87 evt 853406:  rate: 11Hz   life: 93.01%
71193.95 evt 854104:  rate: 12Hz   life: 91.68%
71254.01 evt 854813:  rate: 7.76Hz   life: 94.70%
71314.05 evt 855494:  rate: 9.1Hz   life: 93.96%
71374.09 evt 856214:  rate: 15.7Hz   life: 89.42%
71434.28 evt 856894:  rate: 15Hz   life: 90.11%
71494.32 evt 857583:  rate: 8.69Hz   life: 94.38%
71554.46 evt 858265:  rate: 13Hz   life: 90.90%
71614.54 evt 858968:  rate: 20.2Hz   life: 87.43%
71674.57 evt 859648:  rate: 11.4Hz   life: 92.31%
71734.58 evt 860372:  rate: 14.7Hz   life: 90.73%
71794.62 evt 861030:  rate: 14.4Hz   life: 90.53%
71854.63 evt 861747:  rate: 15.6Hz   life: 89.21%
71914.71 evt 862432:  rate: 9.11Hz   life: 94.05%
71974.74 evt 863102:  rate: 12.7Hz   life: 91.76%
72034.87 evt 863821:  rate: 25.2Hz   life: 83.78%
72094.88 evt 864519:  rate: 10.8Hz   life: 92.35%
72154.88 evt 865214:  rate: 20.8Hz   life: 85.47%
72214.98 evt 865925:  rate: 11.4Hz   life: 91.94%
72275.01 evt 866607:  rate: 13.2Hz   life: 90.66%
72335.19 evt 867260:  rate: 9.34Hz   life: 93.73%
72395.24 evt 867898:  rate: 9.78Hz   life: 93.46%
72455.24 evt 868591:  rate: 12.8Hz   life: 91.14%
72515.27 evt 869291:  rate: 15.2Hz   life: 90.20%
72575.30 evt 869994:  rate: 7.58Hz   life: 95.01%
72635.31 evt 870691:  rate: 12.1Hz   life: 92.22%
72695.36 evt 871383:  rate: 10Hz   life: 93.34%
72755.37 evt 872100:  rate: 9.39Hz   life: 93.51%
72815.45 evt 872762:  rate: 14.5Hz   life: 90.77%
72875.47 evt 873493:  rate: 19Hz   life: 88.06%
72935.50 evt 874202:  rate: 8.65Hz   life: 94.36%
72995.73 evt 874923:  rate: 15Hz   life: 89.83%
73055.74 evt 875579:  rate: 9.29Hz   life: 93.82%
73115.75 evt 876216:  rate: 17Hz   life: 89.43%
73175.79 evt 876965:  rate: 13.4Hz   life: 91.39%
73235.82 evt 877670:  rate: 13Hz   life: 90.94%
73295.91 evt 878381:  rate: 10.2Hz   life: 92.92%
73355.94 evt 879105:  rate: 9.2Hz   life: 93.81%
73416.00 evt 879771:  rate: 13.5Hz   life: 91.13%
73476.07 evt 880478:  rate: 9.7Hz   life: 93.36%
73536.21 evt 881194:  rate: 9.59Hz   life: 93.62%
73596.28 evt 881908:  rate: 6.59Hz   life: 95.60%
73656.30 evt 882556:  rate: 14.7Hz   life: 90.34%
73716.33 evt 883212:  rate: 10Hz   life: 93.47%
73776.44 evt 883895:  rate: 11Hz   life: 92.77%
73836.61 evt 884551:  rate: 12.3Hz   life: 91.37%
73896.63 evt 885235:  rate: 9.61Hz   life: 93.04%
73956.66 evt 885880:  rate: 10.9Hz   life: 93.10%
74016.67 evt 886584:  rate: 11.1Hz   life: 92.33%
74076.77 evt 887298:  rate: 7.77Hz   life: 94.85%
74136.78 evt 887990:  rate: 9.82Hz   life: 93.13%
74196.79 evt 888636:  rate: 14.4Hz   life: 90.48%
74256.83 evt 889325:  rate: 9.11Hz   life: 93.70%
74316.90 evt 890030:  rate: 16Hz   life: 89.51%
74377.05 evt 890726:  rate: 8.86Hz   life: 93.97%
74437.06 evt 891403:  rate: 13.1Hz   life: 90.89%
74497.21 evt 892091:  rate: 14Hz   life: 90.82%
74557.27 evt 892798:  rate: 11.6Hz   life: 92.45%
74617.32 evt 893461:  rate: 9.56Hz   life: 93.78%
74677.50 evt 894137:  rate: 12.3Hz   life: 92.29%
74737.87 evt 894806:  rate: 16Hz   life: 90.42%
74798.12 evt 895453:  rate: 9.74Hz   life: 93.47%
74858.19 evt 896173:  rate: 8.35Hz   life: 94.31%
74918.23 evt 896896:  rate: 14Hz   life: 91.32%
74978.36 evt 897594:  rate: 8.71Hz   life: 94.11%
75038.43 evt 898258:  rate: 12.8Hz   life: 91.33%
75098.46 evt 898925:  rate: 10.6Hz   life: 92.70%
75158.46 evt 899645:  rate: 10.6Hz   life: 92.47%
75218.56 evt 900396:  rate: 17.9Hz   life: 88.24%
75278.57 evt 901059:  rate: 9.99Hz   life: 93.47%
75338.63 evt 901760:  rate: 12.8Hz   life: 91.35%
75398.70 evt 902445:  rate: 11.3Hz   life: 92.38%
75458.77 evt 903199:  rate: 9.65Hz   life: 93.54%
75518.87 evt 903894:  rate: 8.01Hz   life: 94.35%
75579.13 evt 904606:  rate: 11.3Hz   life: 92.46%
75639.22 evt 905306:  rate: 9.64Hz   life: 93.12%
75699.23 evt 906012:  rate: 13.4Hz   life: 90.69%
75759.27 evt 906728:  rate: 7.85Hz   life: 94.76%
75819.44 evt 907366:  rate: 6.9Hz   life: 95.46%
75879.52 evt 908073:  rate: 21.1Hz   life: 87.45%
75939.55 evt 908755:  rate: 8.72Hz   life: 94.06%
75999.61 evt 909451:  rate: 12.1Hz   life: 92.03%
76059.64 evt 910131:  rate: 9.41Hz   life: 93.64%
76119.74 evt 910811:  rate: 10Hz   life: 93.24%
76179.86 evt 911486:  rate: 11.5Hz   life: 91.71%
76239.90 evt 912139:  rate: 13.4Hz   life: 90.66%
76300.02 evt 912826:  rate: 13.1Hz   life: 91.56%
76360.07 evt 913549:  rate: 13.8Hz   life: 91.27%
76420.15 evt 914210:  rate: 10.9Hz   life: 92.71%
76480.25 evt 914901:  rate: 20.6Hz   life: 86.15%
76540.32 evt 915596:  rate: 10.4Hz   life: 93.26%
76600.42 evt 916294:  rate: 14.2Hz   life: 90.19%
76660.43 evt 916979:  rate: 15.5Hz   life: 89.88%
76720.86 evt 917709:  rate: 10.5Hz   life: 93.35%
76780.87 evt 918357:  rate: 7.63Hz   life: 94.83%
76841.00 evt 919074:  rate: 14Hz   life: 90.14%
76901.14 evt 919815:  rate: 9.4Hz   life: 93.30%
76961.21 evt 920504:  rate: 10.9Hz   life: 92.45%
77021.24 evt 921155:  rate: 9.09Hz   life: 93.90%
77081.29 evt 921881:  rate: 18.3Hz   life: 87.71%
77141.38 evt 922587:  rate: 11.9Hz   life: 91.44%
77201.51 evt 923256:  rate: 17.4Hz   life: 87.96%
77261.63 evt 923906:  rate: 10Hz   life: 93.25%
77321.66 evt 924605:  rate: 10.3Hz   life: 93.51%
77381.98 evt 925246:  rate: 6.91Hz   life: 95.14%
77442.05 evt 925949:  rate: 10.5Hz   life: 93.10%
77502.05 evt 926658:  rate: 16.2Hz   life: 89.69%
77562.06 evt 927377:  rate: 12.7Hz   life: 92.06%
77622.15 evt 928025:  rate: 18.5Hz   life: 88.10%
77682.20 evt 928721:  rate: 7.43Hz   life: 94.91%
77742.24 evt 929391:  rate: 11.1Hz   life: 92.38%
77802.29 evt 930089:  rate: 14.5Hz   life: 89.57%
77862.29 evt 930772:  rate: 8.71Hz   life: 94.54%
77922.46 evt 931470:  rate: 6.15Hz   life: 95.85%
77982.56 evt 932198:  rate: 11.7Hz   life: 92.29%
78042.57 evt 932890:  rate: 9.09Hz   life: 94.04%
78102.61 evt 933564:  rate: 6.42Hz   life: 95.54%
78162.62 evt 934292:  rate: 11.3Hz   life: 92.28%
78223.49 evt 934980:  rate: 9.09Hz   life: 93.88%
78283.55 evt 935675:  rate: 13.4Hz   life: 91.16%
78343.57 evt 936378:  rate: 6.35Hz   life: 95.86%
78403.60 evt 937043:  rate: 13.5Hz   life: 90.63%
78463.86 evt 937730:  rate: 11Hz   life: 92.70%
78523.93 evt 938366:  rate: 11.4Hz   life: 92.28%
78584.11 evt 939053:  rate: 8.13Hz   life: 94.64%
78644.12 evt 939737:  rate: 9.28Hz   life: 93.49%
78704.31 evt 940420:  rate: 8.53Hz   life: 94.47%
78764.49 evt 941078:  rate: 12.1Hz   life: 91.83%
78824.53 evt 941767:  rate: 10.4Hz   life: 93.36%
78884.63 evt 942445:  rate: 9.44Hz   life: 93.50%
78944.66 evt 943123:  rate: 14.7Hz   life: 90.87%
79004.68 evt 943836:  rate: 19.2Hz   life: 88.15%
79064.76 evt 944503:  rate: 11.4Hz   life: 92.59%
79125.03 evt 945162:  rate: 18.2Hz   life: 87.02%
79185.06 evt 945844:  rate: 8.54Hz   life: 93.98%
79245.15 evt 946543:  rate: 10.1Hz   life: 92.95%
79305.25 evt 947208:  rate: 13.2Hz   life: 90.81%
79365.27 evt 947905:  rate: 9.31Hz   life: 93.48%
79425.38 evt 948591:  rate: 9.61Hz   life: 93.54%
79485.38 evt 949288:  rate: 14.9Hz   life: 92.43%
79545.42 evt 949973:  rate: 8.05Hz   life: 94.46%
79605.42 evt 950638:  rate: 16.3Hz   life: 89.00%
79665.72 evt 951349:  rate: 17.7Hz   life: 88.41%
79725.79 evt 952039:  rate: 9.61Hz   life: 93.23%
79785.80 evt 952685:  rate: 13.2Hz   life: 91.02%
79845.88 evt 953364:  rate: 10.1Hz   life: 93.31%
79905.90 evt 954053:  rate: 16.7Hz   life: 89.82%
79965.91 evt 954714:  rate: 13.4Hz   life: 91.19%
80025.95 evt 955371:  rate: 7.02Hz   life: 95.05%
80086.04 evt 956070:  rate: 14.3Hz   life: 91.27%
80146.07 evt 956783:  rate: 9.43Hz   life: 93.44%
80206.09 evt 957471:  rate: 13.6Hz   life: 90.64%
80266.12 evt 958149:  rate: 7.36Hz   life: 94.95%
80326.13 evt 958815:  rate: 12.4Hz   life: 91.30%
80386.15 evt 959505:  rate: 12.5Hz   life: 92.05%
80446.24 evt 960217:  rate: 16.9Hz   life: 88.90%
80506.38 evt 960913:  rate: 16.3Hz   life: 88.67%
80566.50 evt 961602:  rate: 8.34Hz   life: 94.64%
80626.50 evt 962274:  rate: 14.9Hz   life: 89.87%
80686.84 evt 962978:  rate: 8.91Hz   life: 94.32%
80746.85 evt 963680:  rate: 11.5Hz   life: 92.18%
80806.88 evt 964349:  rate: 9.76Hz   life: 93.49%
80866.90 evt 965032:  rate: 9.81Hz   life: 93.42%
80926.90 evt 965735:  rate: 8.99Hz   life: 93.91%
80987.01 evt 966431:  rate: 17.7Hz   life: 88.64%
81047.05 evt 967104:  rate: 19.9Hz   life: 86.17%
81107.06 evt 967772:  rate: 10.1Hz   life: 93.07%
81167.14 evt 968484:  rate: 11.7Hz   life: 92.51%
81227.16 evt 969161:  rate: 10.8Hz   life: 92.67%
81287.18 evt 969814:  rate: 8.83Hz   life: 94.04%
81347.22 evt 970484:  rate: 14.9Hz   life: 89.66%
81407.23 evt 971141:  rate: 15.4Hz   life: 90.15%
81467.25 evt 971863:  rate: 16.3Hz   life: 88.87%
81527.48 evt 972549:  rate: 9.8Hz   life: 93.47%
81587.56 evt 973247:  rate: 14.7Hz   life: 90.08%
81647.56 evt 973944:  rate: 10.5Hz   life: 93.19%
81707.56 evt 974615:  rate: 12.7Hz   life: 91.11%
81767.69 evt 975289:  rate: 11.6Hz   life: 92.42%
81827.70 evt 976001:  rate: 10.1Hz   life: 92.86%
81887.71 evt 976675:  rate: 14.3Hz   life: 90.20%
81948.01 evt 977375:  rate: 14.1Hz   life: 90.43%
82008.09 evt 978062:  rate: 8.8Hz   life: 93.81%
82068.24 evt 978758:  rate: 26.6Hz   life: 83.55%
82128.28 evt 979459:  rate: 8.49Hz   life: 94.43%
82188.32 evt 980101:  rate: 8.06Hz   life: 94.48%
82248.42 evt 980794:  rate: 19.9Hz   life: 86.85%
82308.48 evt 981448:  rate: 12.7Hz   life: 92.06%
82368.52 evt 982164:  rate: 20.5Hz   life: 86.34%
82428.55 evt 982883:  rate: 14.1Hz   life: 90.56%
82488.84 evt 983553:  rate: 13.9Hz   life: 90.79%
82548.91 evt 984223:  rate: 14.3Hz   life: 91.94%
82609.09 evt 984927:  rate: 8.97Hz   life: 93.64%
82669.15 evt 985645:  rate: 9.78Hz   life: 92.89%
82729.20 evt 986354:  rate: 12.5Hz   life: 90.91%
82789.27 evt 987034:  rate: 17.3Hz   life: 88.34%
82849.46 evt 987759:  rate: 23Hz   life: 84.34%
82909.55 evt 988438:  rate: 12.1Hz   life: 91.68%
82969.64 evt 989099:  rate: 7.89Hz   life: 94.67%
83029.72 evt 989786:  rate: 13.9Hz   life: 90.62%
83089.75 evt 990466:  rate: 11.5Hz   life: 91.76%
83149.82 evt 991140:  rate: 8.47Hz   life: 94.07%
83209.82 evt 991811:  rate: 12.4Hz   life: 91.57%
83269.96 evt 992530:  rate: 9.49Hz   life: 93.47%
83329.98 evt 993216:  rate: 16Hz   life: 90.30%
83390.00 evt 993886:  rate: 8.98Hz   life: 94.88%
83450.13 evt 994585:  rate: 10.3Hz   life: 93.40%
83510.15 evt 995257:  rate: 9.75Hz   life: 93.89%
83570.23 evt 995928:  rate: 14.8Hz   life: 90.20%
83630.26 evt 996621:  rate: 13Hz   life: 91.72%
83690.27 evt 997304:  rate: 19.1Hz   life: 87.88%
83750.33 evt 998019:  rate: 10.9Hz   life: 92.67%
83810.37 evt 998714:  rate: 14.8Hz   life: 90.25%
83870.39 evt 999408:  rate: 11.3Hz   life: 92.93%
83930.55 evt 1000119:  rate: 11.8Hz   life: 91.78%
83990.60 evt 1000779:  rate: 9.98Hz   life: 93.11%
84050.82 evt 1001476:  rate: 13.9Hz   life: 90.65%
84110.82 evt 1002137:  rate: 9.31Hz   life: 93.67%
84170.86 evt 1002883:  rate: 17.4Hz   life: 87.71%
84230.94 evt 1003568:  rate: 13.7Hz   life: 90.54%
84291.08 evt 1004289:  rate: 11.2Hz   life: 92.44%
84351.08 evt 1004989:  rate: 10.9Hz   life: 93.06%
84411.18 evt 1005698:  rate: 19.2Hz   life: 86.77%
84471.18 evt 1006377:  rate: 12.7Hz   life: 91.18%
84531.19 evt 1007044:  rate: 8.83Hz   life: 94.01%
84591.22 evt 1007737:  rate: 13.7Hz   life: 91.06%
84651.27 evt 1008471:  rate: 10.2Hz   life: 93.25%
84711.28 evt 1009160:  rate: 11.8Hz   life: 91.70%
84771.29 evt 1009834:  rate: 11.7Hz   life: 91.65%
84831.31 evt 1010541:  rate: 11Hz   life: 92.33%
84891.37 evt 1011206:  rate: 17.5Hz   life: 87.92%
84951.41 evt 1011902:  rate: 12Hz   life: 92.04%
85011.51 evt 1012582:  rate: 8.93Hz   life: 93.77%
85071.52 evt 1013255:  rate: 5.27Hz   life: 96.51%
85131.55 evt 1013943:  rate: 15.3Hz   life: 89.96%
85191.59 evt 1014615:  rate: 12.8Hz   life: 90.88%
85251.68 evt 1015303:  rate: 21.5Hz   life: 87.12%
85311.79 evt 1015958:  rate: 17.9Hz   life: 88.03%
85371.88 evt 1016653:  rate: 21.8Hz   life: 85.81%
85432.10 evt 1017328:  rate: 10.6Hz   life: 92.94%
85492.10 evt 1018047:  rate: 7.45Hz   life: 94.93%
85552.18 evt 1018722:  rate: 18.2Hz   life: 87.92%
85612.22 evt 1019401:  rate: 9.73Hz   life: 93.84%
85672.50 evt 1020078:  rate: 10.4Hz   life: 92.91%
85732.50 evt 1020764:  rate: 18.9Hz   life: 87.18%
85792.53 evt 1021454:  rate: 15.8Hz   life: 90.19%
85852.56 evt 1022146:  rate: 7.42Hz   life: 94.91%
85912.60 evt 1022823:  rate: 7.84Hz   life: 94.52%
85972.62 evt 1023509:  rate: 10.1Hz   life: 93.09%
86032.62 evt 1024195:  rate: 17.1Hz   life: 89.60%
86092.81 evt 1024877:  rate: 10.3Hz   life: 93.81%
86152.86 evt 1025556:  rate: 18.9Hz   life: 87.75%
86212.91 evt 1026230:  rate: 7.88Hz   life: 95.26%
86272.94 evt 1026934:  rate: 8.02Hz   life: 94.63%
86332.98 evt 1027594:  rate: 11.2Hz   life: 92.84%
86393.00 evt 1028291:  rate: 11.5Hz   life: 91.67%
86453.30 evt 1028942:  rate: 11.3Hz   life: 92.75%
86513.38 evt 1029618:  rate: 24.4Hz   life: 84.92%
86573.38 evt 1030265:  rate: 9.2Hz   life: 94.02%
86633.42 evt 1030943:  rate: 16.6Hz   life: 89.08%
86693.86 evt 1031655:  rate: 12.1Hz   life: 91.53%
86754.25 evt 1032308:  rate: 13.7Hz   life: 91.29%
86814.36 evt 1032987:  rate: 13.1Hz   life: 90.93%
86874.36 evt 1033661:  rate: 12.5Hz   life: 91.33%
86934.36 evt 1034363:  rate: 16.1Hz   life: 89.19%
86994.43 evt 1035058:  rate: 10.1Hz   life: 93.32%
87054.56 evt 1035735:  rate: 23.7Hz   life: 85.08%
87114.57 evt 1036471:  rate: 20.9Hz   life: 85.06%
87174.70 evt 1037132:  rate: 21.7Hz   life: 85.72%
87234.70 evt 1037807:  rate: 15.3Hz   life: 90.01%
87294.73 evt 1038510:  rate: 12.7Hz   life: 92.45%
87354.87 evt 1039151:  rate: 10.9Hz   life: 92.44%
87414.89 evt 1039841:  rate: 14.4Hz   life: 90.41%
87474.92 evt 1040526:  rate: 13.1Hz   life: 91.50%
87534.93 evt 1041226:  rate: 8.93Hz   life: 93.95%
87595.35 evt 1041907:  rate: 12.1Hz   life: 92.14%
87655.50 evt 1042628:  rate: 17.1Hz   life: 89.11%
87715.67 evt 1043308:  rate: 14.9Hz   life: 90.33%
87775.77 evt 1043971:  rate: 10.7Hz   life: 92.27%
87835.82 evt 1044668:  rate: 9.51Hz   life: 93.39%
87895.87 evt 1045364:  rate: 15Hz   life: 90.19%
87955.87 evt 1046045:  rate: 13.8Hz   life: 90.82%
88015.91 evt 1046721:  rate: 10.6Hz   life: 93.09%
88076.06 evt 1047432:  rate: 8.59Hz   life: 94.59%
88136.10 evt 1048120:  rate: 15.7Hz   life: 89.64%
88196.16 evt 1048813:  rate: 11.2Hz   life: 92.69%
88256.18 evt 1049491:  rate: 10.4Hz   life: 93.38%
88316.26 evt 1050166:  rate: 6.82Hz   life: 95.11%
88376.27 evt 1050841:  rate: 7.63Hz   life: 94.53%
88436.29 evt 1051583:  rate: 17.3Hz   life: 88.50%
88496.32 evt 1052298:  rate: 9.24Hz   life: 93.76%
88556.33 evt 1052979:  rate: 16.2Hz   life: 89.33%
88616.53 evt 1053681:  rate: 11.6Hz   life: 92.30%
88676.71 evt 1054356:  rate: 16.7Hz   life: 89.28%
88736.90 evt 1055040:  rate: 11.6Hz   life: 92.47%
88796.95 evt 1055720:  rate: 9.26Hz   life: 93.52%
88856.97 evt 1056362:  rate: 10.5Hz   life: 93.12%
88917.01 evt 1057017:  rate: 11Hz   life: 92.63%
88977.07 evt 1057698:  rate: 10.2Hz   life: 93.05%
89037.25 evt 1058385:  rate: 17.8Hz   life: 87.80%
89097.28 evt 1059103:  rate: 9.04Hz   life: 93.82%
89157.31 evt 1059794:  rate: 17.6Hz   life: 88.16%
89217.44 evt 1060463:  rate: 11.1Hz   life: 92.21%
89277.59 evt 1061173:  rate: 6.15Hz   life: 95.75%
89337.71 evt 1061847:  rate: 11.3Hz   life: 92.09%
89397.83 evt 1062551:  rate: 12.8Hz   life: 91.80%
89458.07 evt 1063219:  rate: 15.4Hz   life: 90.30%
89518.21 evt 1063922:  rate: 13.4Hz   life: 91.36%
89578.22 evt 1064624:  rate: 10.1Hz   life: 93.00%
89638.29 evt 1065322:  rate: 19.6Hz   life: 86.92%
89698.34 evt 1066039:  rate: 23Hz   life: 84.68%
89758.40 evt 1066757:  rate: 17.9Hz   life: 88.54%
89818.44 evt 1067454:  rate: 18.9Hz   life: 87.89%
89878.56 evt 1068109:  rate: 15.4Hz   life: 89.77%
89938.68 evt 1068767:  rate: 20.8Hz   life: 85.95%
89998.70 evt 1069467:  rate: 10.4Hz   life: 92.56%
90058.81 evt 1070180:  rate: 14Hz   life: 90.62%
90118.85 evt 1070898:  rate: 11.3Hz   life: 92.17%
90178.85 evt 1071566:  rate: 15.4Hz   life: 89.85%
90238.85 evt 1072277:  rate: 8.34Hz   life: 94.37%
90298.91 evt 1072963:  rate: 13.9Hz   life: 90.21%
90358.92 evt 1073628:  rate: 13.6Hz   life: 90.71%
90418.95 evt 1074348:  rate: 11.2Hz   life: 92.48%
90479.03 evt 1075026:  rate: 8.16Hz   life: 94.55%
90539.23 evt 1075728:  rate: 11.1Hz   life: 91.81%
90599.24 evt 1076431:  rate: 16.1Hz   life: 89.70%
90659.31 evt 1077129:  rate: 12.5Hz   life: 91.71%
90719.41 evt 1077822:  rate: 12.1Hz   life: 92.28%
90779.45 evt 1078489:  rate: 8.02Hz   life: 94.41%
90839.47 evt 1079159:  rate: 12.5Hz   life: 91.42%
90899.50 evt 1079828:  rate: 12.7Hz   life: 91.44%
90959.70 evt 1080522:  rate: 20.9Hz   life: 86.55%
91019.81 evt 1081239:  rate: 9.51Hz   life: 93.85%
91079.92 evt 1081983:  rate: 11.3Hz   life: 92.72%
91139.92 evt 1082711:  rate: 20.3Hz   life: 85.93%
91200.00 evt 1083376:  rate: 7.41Hz   life: 95.11%
91260.32 evt 1084096:  rate: 19Hz   life: 88.50%
91320.38 evt 1084796:  rate: 12.5Hz   life: 91.37%
91380.46 evt 1085478:  rate: 18.1Hz   life: 87.11%
91440.53 evt 1086142:  rate: 10.3Hz   life: 92.58%
91500.58 evt 1086889:  rate: 12.5Hz   life: 91.60%
91560.68 evt 1087599:  rate: 16.9Hz   life: 89.78%
91620.68 evt 1088292:  rate: 6.92Hz   life: 94.82%
91680.79 evt 1089020:  rate: 14.1Hz   life: 90.65%
91740.85 evt 1089705:  rate: 12Hz   life: 91.99%
91800.87 evt 1090375:  rate: 27.4Hz   life: 81.47%
91860.96 evt 1091094:  rate: 11.4Hz   life: 92.03%
91921.04 evt 1091752:  rate: 18.2Hz   life: 87.77%
91981.16 evt 1092475:  rate: 5.35Hz   life: 96.23%
92041.19 evt 1093140:  rate: 13.2Hz   life: 91.20%
92101.49 evt 1093814:  rate: 9.64Hz   life: 93.31%
92161.50 evt 1094488:  rate: 11.4Hz   life: 91.80%
92221.58 evt 1095239:  rate: 13.7Hz   life: 91.18%
92281.64 evt 1095942:  rate: 15.2Hz   life: 89.19%
92341.91 evt 1096622:  rate: 12.4Hz   life: 91.47%
92401.99 evt 1097361:  rate: 16.1Hz   life: 89.25%
92462.16 evt 1098065:  rate: 19.5Hz   life: 87.21%
92522.22 evt 1098737:  rate: 10.3Hz   life: 92.92%
92582.24 evt 1099422:  rate: 9.34Hz   life: 93.38%
92642.31 evt 1100140:  rate: 15.3Hz   life: 89.46%
92702.41 evt 1100844:  rate: 8.78Hz   life: 94.26%
92762.45 evt 1101539:  rate: 19.8Hz   life: 86.90%
92822.63 evt 1102190:  rate: 8.26Hz   life: 94.53%
92882.64 evt 1102889:  rate: 11.8Hz   life: 91.50%
92942.79 evt 1103646:  rate: 11.6Hz   life: 92.06%
93002.87 evt 1104330:  rate: 11.7Hz   life: 92.15%
93062.88 evt 1105078:  rate: 13.2Hz   life: 90.94%
93122.91 evt 1105755:  rate: 11.7Hz   life: 92.24%
93183.10 evt 1106426:  rate: 9.32Hz   life: 93.70%
93243.20 evt 1107144:  rate: 10Hz   life: 93.68%
93303.22 evt 1107816:  rate: 9.51Hz   life: 93.46%
93363.31 evt 1108483:  rate: 8.42Hz   life: 94.14%
93423.53 evt 1109160:  rate: 9.59Hz   life: 93.16%
93483.65 evt 1109876:  rate: 13.5Hz   life: 90.94%
93543.80 evt 1110582:  rate: 8.72Hz   life: 94.05%
93603.86 evt 1111304:  rate: 15.4Hz   life: 89.80%
93664.04 evt 1112003:  rate: 17.1Hz   life: 88.69%
93724.11 evt 1112685:  rate: 21.7Hz   life: 85.88%
93784.16 evt 1113398:  rate: 9.02Hz   life: 93.82%
93844.28 evt 1114093:  rate: 10.3Hz   life: 92.68%
93904.33 evt 1114758:  rate: 8.42Hz   life: 94.21%
93964.41 evt 1115444:  rate: 10.6Hz   life: 92.83%
94024.53 evt 1116137:  rate: 9.96Hz   life: 92.93%
94084.60 evt 1116835:  rate: 12.9Hz   life: 91.03%
94144.65 evt 1117544:  rate: 23Hz   life: 85.64%
94204.69 evt 1118237:  rate: 13.6Hz   life: 90.40%
94264.72 evt 1118933:  rate: 10.7Hz   life: 92.93%
94324.86 evt 1119627:  rate: 9.05Hz   life: 93.82%
94384.88 evt 1120289:  rate: 6.82Hz   life: 95.21%
94444.90 evt 1120960:  rate: 11.6Hz   life: 92.14%
94505.03 evt 1121683:  rate: 12.5Hz   life: 91.38%
94565.14 evt 1122339:  rate: 12.6Hz   life: 91.84%
94625.32 evt 1123007:  rate: 9.02Hz   life: 93.69%
94685.65 evt 1123723:  rate: 11.8Hz   life: 92.18%
94745.77 evt 1124404:  rate: 13.7Hz   life: 90.56%
94805.80 evt 1125079:  rate: 9Hz   life: 93.96%
94865.84 evt 1125796:  rate: 14.8Hz   life: 90.86%
94925.90 evt 1126444:  rate: 10.6Hz   life: 92.58%
94986.01 evt 1127167:  rate: 11.7Hz   life: 92.13%
95046.04 evt 1127831:  rate: 32.3Hz   life: 79.68%
95106.13 evt 1128526:  rate: 20.5Hz   life: 86.07%
95166.25 evt 1129198:  rate: 13.9Hz   life: 90.86%
95226.28 evt 1129845:  rate: 10.3Hz   life: 93.78%
95286.37 evt 1130542:  rate: 11.7Hz   life: 92.20%
95346.45 evt 1131242:  rate: 10.4Hz   life: 92.57%
95406.46 evt 1131942:  rate: 18.1Hz   life: 89.25%
95466.47 evt 1132673:  rate: 8.56Hz   life: 94.00%
95526.49 evt 1133392:  rate: 16.5Hz   life: 89.70%
95586.53 evt 1134068:  rate: 17.5Hz   life: 88.52%
95646.60 evt 1134715:  rate: 10.6Hz   life: 93.77%
95706.89 evt 1135431:  rate: 14.7Hz   life: 90.12%
95767.04 evt 1136087:  rate: 13.7Hz   life: 90.83%
95827.10 evt 1136809:  rate: 15.6Hz   life: 89.88%
95887.11 evt 1137477:  rate: 17.4Hz   life: 88.25%
95947.16 evt 1138154:  rate: 9.82Hz   life: 93.43%
96007.19 evt 1138855:  rate: 11.9Hz   life: 91.54%
96067.23 evt 1139535:  rate: 14.8Hz   life: 90.45%
96127.35 evt 1140182:  rate: 9.23Hz   life: 93.75%
96187.36 evt 1140867:  rate: 8.47Hz   life: 94.42%
96247.38 evt 1141577:  rate: 11.6Hz   life: 92.64%
96307.63 evt 1142248:  rate: 11Hz   life: 92.29%
96367.67 evt 1142932:  rate: 12.7Hz   life: 91.80%
96427.83 evt 1143625:  rate: 12.8Hz   life: 91.07%
96487.98 evt 1144342:  rate: 21.1Hz   life: 85.72%
96548.21 evt 1145008:  rate: 7.95Hz   life: 94.53%
96608.30 evt 1145723:  rate: 7.36Hz   life: 94.62%
96668.31 evt 1146450:  rate: 11.5Hz   life: 92.66%
96728.37 evt 1147160:  rate: 8.2Hz   life: 94.44%
96788.38 evt 1147874:  rate: 11.2Hz   life: 92.60%
96848.67 evt 1148574:  rate: 36.8Hz   life: 75.61%
96908.78 evt 1149298:  rate: 21.7Hz   life: 86.24%
96969.02 evt 1150006:  rate: 16.8Hz   life: 88.95%
97029.03 evt 1150705:  rate: 9.66Hz   life: 93.78%
97089.12 evt 1151440:  rate: 12.5Hz   life: 91.51%
97149.68 evt 1152124:  rate: 12.5Hz   life: 93.18%
97209.72 evt 1152834:  rate: 8.8Hz   life: 94.02%
97269.86 evt 1153491:  rate: 10.8Hz   life: 93.21%
97329.93 evt 1154201:  rate: 13.6Hz   life: 90.70%
97390.01 evt 1154933:  rate: 9.1Hz   life: 93.44%
97450.19 evt 1155663:  rate: 9.83Hz   life: 93.12%
97510.20 evt 1156298:  rate: 14.9Hz   life: 89.47%
97570.25 evt 1156960:  rate: 7.65Hz   life: 94.76%
97630.26 evt 1157684:  rate: 14.7Hz   life: 90.62%
97690.29 evt 1158379:  rate: 15.5Hz   life: 89.71%
97750.33 evt 1159069:  rate: 13.5Hz   life: 90.69%
97810.35 evt 1159759:  rate: 10Hz   life: 92.81%
97870.39 evt 1160485:  rate: 7.72Hz   life: 94.67%
97930.39 evt 1161225:  rate: 10.9Hz   life: 92.74%
97990.48 evt 1161902:  rate: 19.6Hz   life: 87.87%
98050.50 evt 1162612:  rate: 9.26Hz   life: 93.89%
98110.58 evt 1163328:  rate: 23.3Hz   life: 85.05%
98170.82 evt 1164001:  rate: 12.9Hz   life: 91.44%
98230.90 evt 1164686:  rate: 17.5Hz   life: 88.61%
98290.96 evt 1165385:  rate: 8.36Hz   life: 94.34%
98351.07 evt 1166058:  rate: 6.45Hz   life: 95.53%
98411.10 evt 1166748:  rate: 10.7Hz   life: 93.55%
98471.12 evt 1167477:  rate: 13.4Hz   life: 91.18%
98531.29 evt 1168208:  rate: 15.7Hz   life: 90.49%
98591.34 evt 1168906:  rate: 14Hz   life: 91.61%
98651.49 evt 1169654:  rate: 17.4Hz   life: 88.99%
98711.69 evt 1170349:  rate: 14.4Hz   life: 90.03%
98771.75 evt 1171035:  rate: 16.7Hz   life: 88.87%
98831.77 evt 1171763:  rate: 9.59Hz   life: 93.87%
98891.78 evt 1172404:  rate: 13.4Hz   life: 90.92%
98951.93 evt 1173108:  rate: 10.7Hz   life: 92.65%
99012.01 evt 1173833:  rate: 10.9Hz   life: 92.67%
99072.09 evt 1174545:  rate: 12.4Hz   life: 91.65%
99132.13 evt 1175249:  rate: 9.55Hz   life: 93.01%
99192.28 evt 1175920:  rate: 7.2Hz   life: 95.13%
99252.28 evt 1176653:  rate: 15.9Hz   life: 89.75%
99312.44 evt 1177362:  rate: 19.5Hz   life: 87.98%
99372.44 evt 1178085:  rate: 8.56Hz   life: 93.84%
99432.48 evt 1178736:  rate: 8.27Hz   life: 94.61%
99492.49 evt 1179440:  rate: 11Hz   life: 92.77%
99552.58 evt 1180133:  rate: 14.1Hz   life: 90.92%
99612.61 evt 1180813:  rate: 11.2Hz   life: 93.26%
99672.72 evt 1181511:  rate: 9.51Hz   life: 93.23%
99732.80 evt 1182205:  rate: 13.2Hz   life: 91.34%
99792.94 evt 1182871:  rate: 20.1Hz   life: 86.07%
99852.95 evt 1183583:  rate: 18Hz   life: 87.33%
99912.96 evt 1184344:  rate: 15.4Hz   life: 90.42%
99972.98 evt 1185065:  rate: 19Hz   life: 88.02%
100033.03 evt 1185765:  rate: 7.89Hz   life: 94.41%
100093.09 evt 1186455:  rate: 12.7Hz   life: 92.27%
100153.40 evt 1187142:  rate: 13.1Hz   life: 91.19%
100213.51 evt 1187822:  rate: 12.8Hz   life: 91.09%
100273.55 evt 1188516:  rate: 11.5Hz   life: 92.08%
100333.77 evt 1189272:  rate: 12.2Hz   life: 91.73%
100393.80 evt 1189981:  rate: 10.2Hz   life: 93.28%
100454.01 evt 1190690:  rate: 11.8Hz   life: 92.36%
100514.19 evt 1191413:  rate: 13.6Hz   life: 91.46%
100574.21 evt 1192105:  rate: 12.9Hz   life: 90.95%
100634.22 evt 1192782:  rate: 13.7Hz   life: 91.43%
100694.54 evt 1193525:  rate: 13.9Hz   life: 92.56%
100754.65 evt 1194234:  rate: 14.6Hz   life: 90.76%
100814.68 evt 1194923:  rate: 6.25Hz   life: 96.03%
100874.76 evt 1195658:  rate: 11.1Hz   life: 92.24%
100934.77 evt 1196338:  rate: 10.2Hz   life: 93.21%
100994.79 evt 1197076:  rate: 11.1Hz   life: 92.54%
101054.89 evt 1197780:  rate: 14.8Hz   life: 89.87%
101114.95 evt 1198490:  rate: 7.95Hz   life: 94.47%
101174.95 evt 1199189:  rate: 8.41Hz   life: 94.36%
101234.98 evt 1199918:  rate: 17.2Hz   life: 89.09%
101295.03 evt 1200611:  rate: 15.9Hz   life: 89.43%
101355.07 evt 1201294:  rate: 11.8Hz   life: 92.18%
101415.16 evt 1201997:  rate: 11.7Hz   life: 91.90%
101475.16 evt 1202706:  rate: 8.66Hz   life: 93.80%
101535.19 evt 1203409:  rate: 8.69Hz   life: 93.36%
101595.22 evt 1204156:  rate: 15.9Hz   life: 88.87%
101655.22 evt 1204884:  rate: 12.5Hz   life: 91.82%
101715.35 evt 1205615:  rate: 13.6Hz   life: 90.29%
101775.50 evt 1206305:  rate: 9.12Hz   life: 93.38%
101835.51 evt 1207010:  rate: 10.9Hz   life: 92.67%
101895.58 evt 1207744:  rate: 15.9Hz   life: 88.54%
101955.63 evt 1208443:  rate: 9.7Hz   life: 92.85%
102015.66 evt 1209164:  rate: 16Hz   life: 89.27%
102075.68 evt 1209861:  rate: 9.84Hz   life: 92.95%
102135.68 evt 1210629:  rate: 12.9Hz   life: 91.46%
102195.89 evt 1211322:  rate: 13.6Hz   life: 91.19%
102256.03 evt 1212006:  rate: 17.3Hz   life: 88.11%
102316.10 evt 1212777:  rate: 11.9Hz   life: 91.80%
102376.14 evt 1213479:  rate: 14Hz   life: 90.34%
102436.18 evt 1214185:  rate: 16.3Hz   life: 89.49%
102496.21 evt 1214892:  rate: 13.7Hz   life: 90.21%
102556.28 evt 1215586:  rate: 12.5Hz   life: 91.36%
102616.40 evt 1216302:  rate: 13.4Hz   life: 91.20%
102676.69 evt 1217036:  rate: 7.32Hz   life: 95.10%
102736.72 evt 1217735:  rate: 14.3Hz   life: 91.13%
102796.78 evt 1218422:  rate: 9.03Hz   life: 94.06%
102856.82 evt 1219175:  rate: 10Hz   life: 93.53%
102917.07 evt 1219851:  rate: 8Hz   life: 94.30%
102977.11 evt 1220536:  rate: 15.1Hz   life: 89.54%
103037.21 evt 1221235:  rate: 12.5Hz   life: 91.63%
103097.35 evt 1221941:  rate: 16.8Hz   life: 89.34%
103157.53 evt 1222661:  rate: 10.1Hz   life: 93.76%
103217.56 evt 1223348:  rate: 7.14Hz   life: 94.80%
103277.71 evt 1224056:  rate: 15.9Hz   life: 89.30%
103337.81 evt 1224730:  rate: 8.13Hz   life: 94.36%
103397.85 evt 1225445:  rate: 8.58Hz   life: 94.16%
103457.92 evt 1226138:  rate: 17.8Hz   life: 87.06%
103518.02 evt 1226850:  rate: 7.75Hz   life: 94.59%
103578.08 evt 1227574:  rate: 6.69Hz   life: 95.34%
103638.09 evt 1228241:  rate: 14.9Hz   life: 90.50%
103698.10 evt 1228940:  rate: 13.1Hz   life: 90.73%
103758.23 evt 1229654:  rate: 13.3Hz   life: 90.62%
103818.28 evt 1230382:  rate: 10.3Hz   life: 92.60%
103878.45 evt 1231104:  rate: 10.2Hz   life: 92.66%
103938.49 evt 1231830:  rate: 17.5Hz   life: 87.97%
103998.58 evt 1232579:  rate: 14.7Hz   life: 90.84%
104058.60 evt 1233302:  rate: 15.2Hz   life: 89.55%
104119.01 evt 1233994:  rate: 19.6Hz   life: 86.82%
104179.09 evt 1234715:  rate: 10.5Hz   life: 92.79%
104239.10 evt 1235403:  rate: 12.6Hz   life: 91.88%
104299.24 evt 1236112:  rate: 8.45Hz   life: 93.97%
104359.44 evt 1236829:  rate: 11.3Hz   life: 92.40%
104419.44 evt 1237564:  rate: 15.5Hz   life: 89.14%
104479.52 evt 1238277:  rate: 7.94Hz   life: 94.48%
104539.63 evt 1239012:  rate: 17Hz   life: 88.94%
104599.65 evt 1239776:  rate: 8.46Hz   life: 94.28%
104659.71 evt 1240477:  rate: 9.96Hz   life: 93.56%
104719.81 evt 1241183:  rate: 11.5Hz   life: 92.04%
104779.89 evt 1241887:  rate: 12.6Hz   life: 91.41%
104839.90 evt 1242582:  rate: 14.6Hz   life: 90.31%
104899.92 evt 1243287:  rate: 10.1Hz   life: 93.24%
104960.02 evt 1244022:  rate: 11.2Hz   life: 92.75%
105020.10 evt 1244747:  rate: 14.1Hz   life: 91.02%
105080.29 evt 1245466:  rate: 16Hz   life: 89.77%
105140.81 evt 1246222:  rate: 15.2Hz   life: 89.48%
105200.82 evt 1246930:  rate: 9.22Hz   life: 93.59%
105260.90 evt 1247611:  rate: 8.63Hz   life: 94.01%
105320.96 evt 1248340:  rate: 9.75Hz   life: 93.34%
105381.05 evt 1249042:  rate: 13.3Hz   life: 91.10%
105441.05 evt 1249764:  rate: 9.25Hz   life: 94.68%
105501.06 evt 1250506:  rate: 13.6Hz   life: 90.65%
105561.16 evt 1251180:  rate: 10.3Hz   life: 93.53%
105621.22 evt 1251869:  rate: 9.79Hz   life: 93.85%
105681.23 evt 1252620:  rate: 15Hz   life: 89.94%
105741.27 evt 1253391:  rate: 11.9Hz   life: 91.55%
105801.30 evt 1254126:  rate: 9.44Hz   life: 93.42%
105861.31 evt 1254804:  rate: 11.6Hz   life: 92.00%
105921.62 evt 1255557:  rate: 19.2Hz   life: 87.82%
105981.65 evt 1256296:  rate: 33.8Hz   life: 77.13%
106041.75 evt 1257019:  rate: 10.3Hz   life: 92.59%
106101.80 evt 1257715:  rate: 14.6Hz   life: 89.80%
106161.96 evt 1258452:  rate: 11.7Hz   life: 92.15%
106221.99 evt 1259171:  rate: 15.4Hz   life: 89.84%
106282.10 evt 1259872:  rate: 14.8Hz   life: 90.27%
106342.14 evt 1260595:  rate: 13.9Hz   life: 90.80%
106402.18 evt 1261257:  rate: 9.74Hz   life: 93.27%
106462.19 evt 1262012:  rate: 20.3Hz   life: 87.09%
106522.94 evt 1262734:  rate: 14.6Hz   life: 90.62%
106582.97 evt 1263462:  rate: 10.7Hz   life: 92.61%
106643.05 evt 1264202:  rate: 15.5Hz   life: 89.44%
106703.05 evt 1264970:  rate: 12.1Hz   life: 91.51%
106763.07 evt 1265701:  rate: 13.9Hz   life: 90.20%
106823.16 evt 1266458:  rate: 13.9Hz   life: 90.49%
106883.16 evt 1267171:  rate: 22.4Hz   life: 84.80%
106943.17 evt 1267861:  rate: 13.6Hz   life: 90.01%
107003.27 evt 1268588:  rate: 13.6Hz   life: 91.26%
107063.27 evt 1269299:  rate: 8.35Hz   life: 94.27%
107123.30 evt 1270000:  rate: 14.1Hz   life: 92.96%
107183.52 evt 1270716:  rate: 8.61Hz   life: 93.89%
107243.64 evt 1271432:  rate: 6.34Hz   life: 96.85%
107303.73 evt 1272179:  rate: 15.1Hz   life: 92.54%
107364.03 evt 1272924:  rate: 13Hz   life: 93.53%
107424.03 evt 1273612:  rate: 12.2Hz   life: 93.93%
107484.06 evt 1274338:  rate: 18Hz   life: 91.01%
107544.06 evt 1275058:  rate: 13.5Hz   life: 93.26%
107604.08 evt 1275818:  rate: 11.1Hz   life: 94.51%
107664.22 evt 1276570:  rate: 10.5Hz   life: 94.82%
107724.30 evt 1277340:  rate: 13.9Hz   life: 93.07%
107784.41 evt 1278081:  rate: 20.3Hz   life: 89.99%
107844.46 evt 1278818:  rate: 14.3Hz   life: 92.95%
107877.82 *==* BufferMan  pause
107878.83 *==* BufferMan endig - reached stopped state
107878.83 Run Summary: started 180510-1815
107878.83   Trun=107877.8s  Ntrig=1279199  Tlife=99324.0s

107878.83 *==* BufMan ended
